[2025-11-15T03:04:59.402166] subject=Jim Parsons
Traceback (most recent call last):
  File "/Users/muhammedsaeed/anaconda3/envs/KB/lib/python3.11/site-packages/httpx/_transports/default.py", line 72, in map_httpcore_exceptions
    yield
  File "/Users/muhammedsaeed/anaconda3/envs/KB/lib/python3.11/site-packages/httpx/_transports/default.py", line 236, in handle_request
    resp = self._pool.handle_request(req)
           ^^^^^^^^^^^^^^^^^^^^^^^^^^^^^^
  File "/Users/muhammedsaeed/anaconda3/envs/KB/lib/python3.11/site-packages/httpcore/_sync/connection_pool.py", line 256, in handle_request
    raise exc from None
  File "/Users/muhammedsaeed/anaconda3/envs/KB/lib/python3.11/site-packages/httpcore/_sync/connection_pool.py", line 236, in handle_request
    response = connection.handle_request(
               ^^^^^^^^^^^^^^^^^^^^^^^^^^
  File "/Users/muhammedsaeed/anaconda3/envs/KB/lib/python3.11/site-packages/httpcore/_sync/connection.py", line 101, in handle_request
    raise exc
  File "/Users/muhammedsaeed/anaconda3/envs/KB/lib/python3.11/site-packages/httpcore/_sync/connection.py", line 78, in handle_request
    stream = self._connect(request)
             ^^^^^^^^^^^^^^^^^^^^^^
  File "/Users/muhammedsaeed/anaconda3/envs/KB/lib/python3.11/site-packages/httpcore/_sync/connection.py", line 124, in _connect
    stream = self._network_backend.connect_tcp(**kwargs)
             ^^^^^^^^^^^^^^^^^^^^^^^^^^^^^^^^^^^^^^^^^^^
  File "/Users/muhammedsaeed/anaconda3/envs/KB/lib/python3.11/site-packages/httpcore/_backends/sync.py", line 207, in connect_tcp
    with map_exceptions(exc_map):
  File "/Users/muhammedsaeed/anaconda3/envs/KB/lib/python3.11/contextlib.py", line 158, in __exit__
    self.gen.throw(typ, value, traceback)
  File "/Users/muhammedsaeed/anaconda3/envs/KB/lib/python3.11/site-packages/httpcore/_exceptions.py", line 14, in map_exceptions
    raise to_exc(exc) from exc
httpcore.ConnectError: [Errno 61] Connection refused

The above exception was the direct cause of the following exception:

Traceback (most recent call last):
  File "/Users/muhammedsaeed/anaconda3/envs/KB/lib/python3.11/site-packages/openai/_base_client.py", line 982, in request
    response = self._client.send(
               ^^^^^^^^^^^^^^^^^^
  File "/Users/muhammedsaeed/anaconda3/envs/KB/lib/python3.11/site-packages/httpx/_client.py", line 926, in send
    response = self._send_handling_auth(
               ^^^^^^^^^^^^^^^^^^^^^^^^^
  File "/Users/muhammedsaeed/anaconda3/envs/KB/lib/python3.11/site-packages/httpx/_client.py", line 954, in _send_handling_auth
    response = self._send_handling_redirects(
               ^^^^^^^^^^^^^^^^^^^^^^^^^^^^^^
  File "/Users/muhammedsaeed/anaconda3/envs/KB/lib/python3.11/site-packages/httpx/_client.py", line 991, in _send_handling_redirects
    response = self._send_single_request(request)
               ^^^^^^^^^^^^^^^^^^^^^^^^^^^^^^^^^^
  File "/Users/muhammedsaeed/anaconda3/envs/KB/lib/python3.11/site-packages/httpx/_client.py", line 1027, in _send_single_request
    response = transport.handle_request(request)
               ^^^^^^^^^^^^^^^^^^^^^^^^^^^^^^^^^
  File "/Users/muhammedsaeed/anaconda3/envs/KB/lib/python3.11/site-packages/httpx/_transports/default.py", line 235, in handle_request
    with map_httpcore_exceptions():
  File "/Users/muhammedsaeed/anaconda3/envs/KB/lib/python3.11/contextlib.py", line 158, in __exit__
    self.gen.throw(typ, value, traceback)
  File "/Users/muhammedsaeed/anaconda3/envs/KB/lib/python3.11/site-packages/httpx/_transports/default.py", line 89, in map_httpcore_exceptions
    raise mapped_exc(message) from exc
httpx.ConnectError: [Errno 61] Connection refused

The above exception was the direct cause of the following exception:

Traceback (most recent call last):
  File "/Users/muhammedsaeed/Downloads/TU Dresden/LLMpedia/llmpedia_runner.py", line 1832, in _generate_article
    resp = el_llm(messages)
           ^^^^^^^^^^^^^^^^
  File "/Users/muhammedsaeed/Downloads/TU Dresden/LLMpedia/llm/openai_client.py", line 170, in __call__
    return self._call_chat(messages, json_schema)
           ^^^^^^^^^^^^^^^^^^^^^^^^^^^^^^^^^^^^^^
  File "/Users/muhammedsaeed/Downloads/TU Dresden/LLMpedia/llm/openai_client.py", line 201, in _call_chat
    resp = self.client.chat.completions.create(**kwargs)
           ^^^^^^^^^^^^^^^^^^^^^^^^^^^^^^^^^^^^^^^^^^^^^
  File "/Users/muhammedsaeed/anaconda3/envs/KB/lib/python3.11/site-packages/openai/_utils/_utils.py", line 286, in wrapper
    return func(*args, **kwargs)
           ^^^^^^^^^^^^^^^^^^^^^
  File "/Users/muhammedsaeed/anaconda3/envs/KB/lib/python3.11/site-packages/openai/resources/chat/completions/completions.py", line 1156, in create
    return self._post(
           ^^^^^^^^^^^
  File "/Users/muhammedsaeed/anaconda3/envs/KB/lib/python3.11/site-packages/openai/_base_client.py", line 1259, in post
    return cast(ResponseT, self.request(cast_to, opts, stream=stream, stream_cls=stream_cls))
                           ^^^^^^^^^^^^^^^^^^^^^^^^^^^^^^^^^^^^^^^^^^^^^^^^^^^^^^^^^^^^^^^^^
  File "/Users/muhammedsaeed/anaconda3/envs/KB/lib/python3.11/site-packages/openai/_base_client.py", line 1014, in request
    raise APIConnectionError(request=request) from err
openai.APIConnectionError: Connection error.

[2025-11-15T03:05:23.583078] subject=Primetime Emmy Awards
Traceback (most recent call last):
  File "/Users/muhammedsaeed/anaconda3/envs/KB/lib/python3.11/site-packages/httpx/_transports/default.py", line 72, in map_httpcore_exceptions
    yield
  File "/Users/muhammedsaeed/anaconda3/envs/KB/lib/python3.11/site-packages/httpx/_transports/default.py", line 236, in handle_request
    resp = self._pool.handle_request(req)
           ^^^^^^^^^^^^^^^^^^^^^^^^^^^^^^
  File "/Users/muhammedsaeed/anaconda3/envs/KB/lib/python3.11/site-packages/httpcore/_sync/connection_pool.py", line 256, in handle_request
    raise exc from None
  File "/Users/muhammedsaeed/anaconda3/envs/KB/lib/python3.11/site-packages/httpcore/_sync/connection_pool.py", line 236, in handle_request
    response = connection.handle_request(
               ^^^^^^^^^^^^^^^^^^^^^^^^^^
  File "/Users/muhammedsaeed/anaconda3/envs/KB/lib/python3.11/site-packages/httpcore/_sync/connection.py", line 101, in handle_request
    raise exc
  File "/Users/muhammedsaeed/anaconda3/envs/KB/lib/python3.11/site-packages/httpcore/_sync/connection.py", line 78, in handle_request
    stream = self._connect(request)
             ^^^^^^^^^^^^^^^^^^^^^^
  File "/Users/muhammedsaeed/anaconda3/envs/KB/lib/python3.11/site-packages/httpcore/_sync/connection.py", line 124, in _connect
    stream = self._network_backend.connect_tcp(**kwargs)
             ^^^^^^^^^^^^^^^^^^^^^^^^^^^^^^^^^^^^^^^^^^^
  File "/Users/muhammedsaeed/anaconda3/envs/KB/lib/python3.11/site-packages/httpcore/_backends/sync.py", line 207, in connect_tcp
    with map_exceptions(exc_map):
  File "/Users/muhammedsaeed/anaconda3/envs/KB/lib/python3.11/contextlib.py", line 158, in __exit__
    self.gen.throw(typ, value, traceback)
  File "/Users/muhammedsaeed/anaconda3/envs/KB/lib/python3.11/site-packages/httpcore/_exceptions.py", line 14, in map_exceptions
    raise to_exc(exc) from exc
httpcore.ConnectError: [Errno 61] Connection refused

The above exception was the direct cause of the following exception:

Traceback (most recent call last):
  File "/Users/muhammedsaeed/anaconda3/envs/KB/lib/python3.11/site-packages/openai/_base_client.py", line 982, in request
    response = self._client.send(
               ^^^^^^^^^^^^^^^^^^
  File "/Users/muhammedsaeed/anaconda3/envs/KB/lib/python3.11/site-packages/httpx/_client.py", line 926, in send
    response = self._send_handling_auth(
               ^^^^^^^^^^^^^^^^^^^^^^^^^
  File "/Users/muhammedsaeed/anaconda3/envs/KB/lib/python3.11/site-packages/httpx/_client.py", line 954, in _send_handling_auth
    response = self._send_handling_redirects(
               ^^^^^^^^^^^^^^^^^^^^^^^^^^^^^^
  File "/Users/muhammedsaeed/anaconda3/envs/KB/lib/python3.11/site-packages/httpx/_client.py", line 991, in _send_handling_redirects
    response = self._send_single_request(request)
               ^^^^^^^^^^^^^^^^^^^^^^^^^^^^^^^^^^
  File "/Users/muhammedsaeed/anaconda3/envs/KB/lib/python3.11/site-packages/httpx/_client.py", line 1027, in _send_single_request
    response = transport.handle_request(request)
               ^^^^^^^^^^^^^^^^^^^^^^^^^^^^^^^^^
  File "/Users/muhammedsaeed/anaconda3/envs/KB/lib/python3.11/site-packages/httpx/_transports/default.py", line 235, in handle_request
    with map_httpcore_exceptions():
  File "/Users/muhammedsaeed/anaconda3/envs/KB/lib/python3.11/contextlib.py", line 158, in __exit__
    self.gen.throw(typ, value, traceback)
  File "/Users/muhammedsaeed/anaconda3/envs/KB/lib/python3.11/site-packages/httpx/_transports/default.py", line 89, in map_httpcore_exceptions
    raise mapped_exc(message) from exc
httpx.ConnectError: [Errno 61] Connection refused

The above exception was the direct cause of the following exception:

Traceback (most recent call last):
  File "/Users/muhammedsaeed/Downloads/TU Dresden/LLMpedia/llmpedia_runner.py", line 1832, in _generate_article
    resp = el_llm(messages)
           ^^^^^^^^^^^^^^^^
  File "/Users/muhammedsaeed/Downloads/TU Dresden/LLMpedia/llm/openai_client.py", line 170, in __call__
    return self._call_chat(messages, json_schema)
           ^^^^^^^^^^^^^^^^^^^^^^^^^^^^^^^^^^^^^^
  File "/Users/muhammedsaeed/Downloads/TU Dresden/LLMpedia/llm/openai_client.py", line 201, in _call_chat
    resp = self.client.chat.completions.create(**kwargs)
           ^^^^^^^^^^^^^^^^^^^^^^^^^^^^^^^^^^^^^^^^^^^^^
  File "/Users/muhammedsaeed/anaconda3/envs/KB/lib/python3.11/site-packages/openai/_utils/_utils.py", line 286, in wrapper
    return func(*args, **kwargs)
           ^^^^^^^^^^^^^^^^^^^^^
  File "/Users/muhammedsaeed/anaconda3/envs/KB/lib/python3.11/site-packages/openai/resources/chat/completions/completions.py", line 1156, in create
    return self._post(
           ^^^^^^^^^^^
  File "/Users/muhammedsaeed/anaconda3/envs/KB/lib/python3.11/site-packages/openai/_base_client.py", line 1259, in post
    return cast(ResponseT, self.request(cast_to, opts, stream=stream, stream_cls=stream_cls))
                           ^^^^^^^^^^^^^^^^^^^^^^^^^^^^^^^^^^^^^^^^^^^^^^^^^^^^^^^^^^^^^^^^^
  File "/Users/muhammedsaeed/anaconda3/envs/KB/lib/python3.11/site-packages/openai/_base_client.py", line 1014, in request
    raise APIConnectionError(request=request) from err
openai.APIConnectionError: Connection error.

[2025-11-15T03:05:23.660955] subject=Stephen Hawking
Traceback (most recent call last):
  File "/Users/muhammedsaeed/anaconda3/envs/KB/lib/python3.11/site-packages/httpx/_transports/default.py", line 72, in map_httpcore_exceptions
    yield
  File "/Users/muhammedsaeed/anaconda3/envs/KB/lib/python3.11/site-packages/httpx/_transports/default.py", line 236, in handle_request
    resp = self._pool.handle_request(req)
           ^^^^^^^^^^^^^^^^^^^^^^^^^^^^^^
  File "/Users/muhammedsaeed/anaconda3/envs/KB/lib/python3.11/site-packages/httpcore/_sync/connection_pool.py", line 256, in handle_request
    raise exc from None
  File "/Users/muhammedsaeed/anaconda3/envs/KB/lib/python3.11/site-packages/httpcore/_sync/connection_pool.py", line 236, in handle_request
    response = connection.handle_request(
               ^^^^^^^^^^^^^^^^^^^^^^^^^^
  File "/Users/muhammedsaeed/anaconda3/envs/KB/lib/python3.11/site-packages/httpcore/_sync/connection.py", line 101, in handle_request
    raise exc
  File "/Users/muhammedsaeed/anaconda3/envs/KB/lib/python3.11/site-packages/httpcore/_sync/connection.py", line 78, in handle_request
    stream = self._connect(request)
             ^^^^^^^^^^^^^^^^^^^^^^
  File "/Users/muhammedsaeed/anaconda3/envs/KB/lib/python3.11/site-packages/httpcore/_sync/connection.py", line 124, in _connect
    stream = self._network_backend.connect_tcp(**kwargs)
             ^^^^^^^^^^^^^^^^^^^^^^^^^^^^^^^^^^^^^^^^^^^
  File "/Users/muhammedsaeed/anaconda3/envs/KB/lib/python3.11/site-packages/httpcore/_backends/sync.py", line 207, in connect_tcp
    with map_exceptions(exc_map):
  File "/Users/muhammedsaeed/anaconda3/envs/KB/lib/python3.11/contextlib.py", line 158, in __exit__
    self.gen.throw(typ, value, traceback)
  File "/Users/muhammedsaeed/anaconda3/envs/KB/lib/python3.11/site-packages/httpcore/_exceptions.py", line 14, in map_exceptions
    raise to_exc(exc) from exc
httpcore.ConnectError: [Errno 61] Connection refused

The above exception was the direct cause of the following exception:

Traceback (most recent call last):
  File "/Users/muhammedsaeed/anaconda3/envs/KB/lib/python3.11/site-packages/openai/_base_client.py", line 982, in request
    response = self._client.send(
               ^^^^^^^^^^^^^^^^^^
  File "/Users/muhammedsaeed/anaconda3/envs/KB/lib/python3.11/site-packages/httpx/_client.py", line 926, in send
    response = self._send_handling_auth(
               ^^^^^^^^^^^^^^^^^^^^^^^^^
  File "/Users/muhammedsaeed/anaconda3/envs/KB/lib/python3.11/site-packages/httpx/_client.py", line 954, in _send_handling_auth
    response = self._send_handling_redirects(
               ^^^^^^^^^^^^^^^^^^^^^^^^^^^^^^
  File "/Users/muhammedsaeed/anaconda3/envs/KB/lib/python3.11/site-packages/httpx/_client.py", line 991, in _send_handling_redirects
    response = self._send_single_request(request)
               ^^^^^^^^^^^^^^^^^^^^^^^^^^^^^^^^^^
  File "/Users/muhammedsaeed/anaconda3/envs/KB/lib/python3.11/site-packages/httpx/_client.py", line 1027, in _send_single_request
    response = transport.handle_request(request)
               ^^^^^^^^^^^^^^^^^^^^^^^^^^^^^^^^^
  File "/Users/muhammedsaeed/anaconda3/envs/KB/lib/python3.11/site-packages/httpx/_transports/default.py", line 235, in handle_request
    with map_httpcore_exceptions():
  File "/Users/muhammedsaeed/anaconda3/envs/KB/lib/python3.11/contextlib.py", line 158, in __exit__
    self.gen.throw(typ, value, traceback)
  File "/Users/muhammedsaeed/anaconda3/envs/KB/lib/python3.11/site-packages/httpx/_transports/default.py", line 89, in map_httpcore_exceptions
    raise mapped_exc(message) from exc
httpx.ConnectError: [Errno 61] Connection refused

The above exception was the direct cause of the following exception:

Traceback (most recent call last):
  File "/Users/muhammedsaeed/Downloads/TU Dresden/LLMpedia/llmpedia_runner.py", line 1832, in _generate_article
    resp = el_llm(messages)
           ^^^^^^^^^^^^^^^^
  File "/Users/muhammedsaeed/Downloads/TU Dresden/LLMpedia/llm/openai_client.py", line 170, in __call__
    return self._call_chat(messages, json_schema)
           ^^^^^^^^^^^^^^^^^^^^^^^^^^^^^^^^^^^^^^
  File "/Users/muhammedsaeed/Downloads/TU Dresden/LLMpedia/llm/openai_client.py", line 201, in _call_chat
    resp = self.client.chat.completions.create(**kwargs)
           ^^^^^^^^^^^^^^^^^^^^^^^^^^^^^^^^^^^^^^^^^^^^^
  File "/Users/muhammedsaeed/anaconda3/envs/KB/lib/python3.11/site-packages/openai/_utils/_utils.py", line 286, in wrapper
    return func(*args, **kwargs)
           ^^^^^^^^^^^^^^^^^^^^^
  File "/Users/muhammedsaeed/anaconda3/envs/KB/lib/python3.11/site-packages/openai/resources/chat/completions/completions.py", line 1156, in create
    return self._post(
           ^^^^^^^^^^^
  File "/Users/muhammedsaeed/anaconda3/envs/KB/lib/python3.11/site-packages/openai/_base_client.py", line 1259, in post
    return cast(ResponseT, self.request(cast_to, opts, stream=stream, stream_cls=stream_cls))
                           ^^^^^^^^^^^^^^^^^^^^^^^^^^^^^^^^^^^^^^^^^^^^^^^^^^^^^^^^^^^^^^^^^
  File "/Users/muhammedsaeed/anaconda3/envs/KB/lib/python3.11/site-packages/openai/_base_client.py", line 1014, in request
    raise APIConnectionError(request=request) from err
openai.APIConnectionError: Connection error.

[2025-11-15T03:05:24.651252] subject=Young Sheldon
Traceback (most recent call last):
  File "/Users/muhammedsaeed/anaconda3/envs/KB/lib/python3.11/site-packages/httpx/_transports/default.py", line 72, in map_httpcore_exceptions
    yield
  File "/Users/muhammedsaeed/anaconda3/envs/KB/lib/python3.11/site-packages/httpx/_transports/default.py", line 236, in handle_request
    resp = self._pool.handle_request(req)
           ^^^^^^^^^^^^^^^^^^^^^^^^^^^^^^
  File "/Users/muhammedsaeed/anaconda3/envs/KB/lib/python3.11/site-packages/httpcore/_sync/connection_pool.py", line 256, in handle_request
    raise exc from None
  File "/Users/muhammedsaeed/anaconda3/envs/KB/lib/python3.11/site-packages/httpcore/_sync/connection_pool.py", line 236, in handle_request
    response = connection.handle_request(
               ^^^^^^^^^^^^^^^^^^^^^^^^^^
  File "/Users/muhammedsaeed/anaconda3/envs/KB/lib/python3.11/site-packages/httpcore/_sync/connection.py", line 101, in handle_request
    raise exc
  File "/Users/muhammedsaeed/anaconda3/envs/KB/lib/python3.11/site-packages/httpcore/_sync/connection.py", line 78, in handle_request
    stream = self._connect(request)
             ^^^^^^^^^^^^^^^^^^^^^^
  File "/Users/muhammedsaeed/anaconda3/envs/KB/lib/python3.11/site-packages/httpcore/_sync/connection.py", line 124, in _connect
    stream = self._network_backend.connect_tcp(**kwargs)
             ^^^^^^^^^^^^^^^^^^^^^^^^^^^^^^^^^^^^^^^^^^^
  File "/Users/muhammedsaeed/anaconda3/envs/KB/lib/python3.11/site-packages/httpcore/_backends/sync.py", line 207, in connect_tcp
    with map_exceptions(exc_map):
  File "/Users/muhammedsaeed/anaconda3/envs/KB/lib/python3.11/contextlib.py", line 158, in __exit__
    self.gen.throw(typ, value, traceback)
  File "/Users/muhammedsaeed/anaconda3/envs/KB/lib/python3.11/site-packages/httpcore/_exceptions.py", line 14, in map_exceptions
    raise to_exc(exc) from exc
httpcore.ConnectError: [Errno 61] Connection refused

The above exception was the direct cause of the following exception:

Traceback (most recent call last):
  File "/Users/muhammedsaeed/anaconda3/envs/KB/lib/python3.11/site-packages/openai/_base_client.py", line 982, in request
    response = self._client.send(
               ^^^^^^^^^^^^^^^^^^
  File "/Users/muhammedsaeed/anaconda3/envs/KB/lib/python3.11/site-packages/httpx/_client.py", line 926, in send
    response = self._send_handling_auth(
               ^^^^^^^^^^^^^^^^^^^^^^^^^
  File "/Users/muhammedsaeed/anaconda3/envs/KB/lib/python3.11/site-packages/httpx/_client.py", line 954, in _send_handling_auth
    response = self._send_handling_redirects(
               ^^^^^^^^^^^^^^^^^^^^^^^^^^^^^^
  File "/Users/muhammedsaeed/anaconda3/envs/KB/lib/python3.11/site-packages/httpx/_client.py", line 991, in _send_handling_redirects
    response = self._send_single_request(request)
               ^^^^^^^^^^^^^^^^^^^^^^^^^^^^^^^^^^
  File "/Users/muhammedsaeed/anaconda3/envs/KB/lib/python3.11/site-packages/httpx/_client.py", line 1027, in _send_single_request
    response = transport.handle_request(request)
               ^^^^^^^^^^^^^^^^^^^^^^^^^^^^^^^^^
  File "/Users/muhammedsaeed/anaconda3/envs/KB/lib/python3.11/site-packages/httpx/_transports/default.py", line 235, in handle_request
    with map_httpcore_exceptions():
  File "/Users/muhammedsaeed/anaconda3/envs/KB/lib/python3.11/contextlib.py", line 158, in __exit__
    self.gen.throw(typ, value, traceback)
  File "/Users/muhammedsaeed/anaconda3/envs/KB/lib/python3.11/site-packages/httpx/_transports/default.py", line 89, in map_httpcore_exceptions
    raise mapped_exc(message) from exc
httpx.ConnectError: [Errno 61] Connection refused

The above exception was the direct cause of the following exception:

Traceback (most recent call last):
  File "/Users/muhammedsaeed/Downloads/TU Dresden/LLMpedia/llmpedia_runner.py", line 1832, in _generate_article
    resp = el_llm(messages)
           ^^^^^^^^^^^^^^^^
  File "/Users/muhammedsaeed/Downloads/TU Dresden/LLMpedia/llm/openai_client.py", line 170, in __call__
    return self._call_chat(messages, json_schema)
           ^^^^^^^^^^^^^^^^^^^^^^^^^^^^^^^^^^^^^^
  File "/Users/muhammedsaeed/Downloads/TU Dresden/LLMpedia/llm/openai_client.py", line 201, in _call_chat
    resp = self.client.chat.completions.create(**kwargs)
           ^^^^^^^^^^^^^^^^^^^^^^^^^^^^^^^^^^^^^^^^^^^^^
  File "/Users/muhammedsaeed/anaconda3/envs/KB/lib/python3.11/site-packages/openai/_utils/_utils.py", line 286, in wrapper
    return func(*args, **kwargs)
           ^^^^^^^^^^^^^^^^^^^^^
  File "/Users/muhammedsaeed/anaconda3/envs/KB/lib/python3.11/site-packages/openai/resources/chat/completions/completions.py", line 1156, in create
    return self._post(
           ^^^^^^^^^^^
  File "/Users/muhammedsaeed/anaconda3/envs/KB/lib/python3.11/site-packages/openai/_base_client.py", line 1259, in post
    return cast(ResponseT, self.request(cast_to, opts, stream=stream, stream_cls=stream_cls))
                           ^^^^^^^^^^^^^^^^^^^^^^^^^^^^^^^^^^^^^^^^^^^^^^^^^^^^^^^^^^^^^^^^^
  File "/Users/muhammedsaeed/anaconda3/envs/KB/lib/python3.11/site-packages/openai/_base_client.py", line 1014, in request
    raise APIConnectionError(request=request) from err
openai.APIConnectionError: Connection error.

[2025-11-15T03:05:24.710377] subject=Sara Gilbert
Traceback (most recent call last):
  File "/Users/muhammedsaeed/anaconda3/envs/KB/lib/python3.11/site-packages/httpx/_transports/default.py", line 72, in map_httpcore_exceptions
    yield
  File "/Users/muhammedsaeed/anaconda3/envs/KB/lib/python3.11/site-packages/httpx/_transports/default.py", line 236, in handle_request
    resp = self._pool.handle_request(req)
           ^^^^^^^^^^^^^^^^^^^^^^^^^^^^^^
  File "/Users/muhammedsaeed/anaconda3/envs/KB/lib/python3.11/site-packages/httpcore/_sync/connection_pool.py", line 256, in handle_request
    raise exc from None
  File "/Users/muhammedsaeed/anaconda3/envs/KB/lib/python3.11/site-packages/httpcore/_sync/connection_pool.py", line 236, in handle_request
    response = connection.handle_request(
               ^^^^^^^^^^^^^^^^^^^^^^^^^^
  File "/Users/muhammedsaeed/anaconda3/envs/KB/lib/python3.11/site-packages/httpcore/_sync/connection.py", line 101, in handle_request
    raise exc
  File "/Users/muhammedsaeed/anaconda3/envs/KB/lib/python3.11/site-packages/httpcore/_sync/connection.py", line 78, in handle_request
    stream = self._connect(request)
             ^^^^^^^^^^^^^^^^^^^^^^
  File "/Users/muhammedsaeed/anaconda3/envs/KB/lib/python3.11/site-packages/httpcore/_sync/connection.py", line 124, in _connect
    stream = self._network_backend.connect_tcp(**kwargs)
             ^^^^^^^^^^^^^^^^^^^^^^^^^^^^^^^^^^^^^^^^^^^
  File "/Users/muhammedsaeed/anaconda3/envs/KB/lib/python3.11/site-packages/httpcore/_backends/sync.py", line 207, in connect_tcp
    with map_exceptions(exc_map):
  File "/Users/muhammedsaeed/anaconda3/envs/KB/lib/python3.11/contextlib.py", line 158, in __exit__
    self.gen.throw(typ, value, traceback)
  File "/Users/muhammedsaeed/anaconda3/envs/KB/lib/python3.11/site-packages/httpcore/_exceptions.py", line 14, in map_exceptions
    raise to_exc(exc) from exc
httpcore.ConnectError: [Errno 61] Connection refused

The above exception was the direct cause of the following exception:

Traceback (most recent call last):
  File "/Users/muhammedsaeed/anaconda3/envs/KB/lib/python3.11/site-packages/openai/_base_client.py", line 982, in request
    response = self._client.send(
               ^^^^^^^^^^^^^^^^^^
  File "/Users/muhammedsaeed/anaconda3/envs/KB/lib/python3.11/site-packages/httpx/_client.py", line 926, in send
    response = self._send_handling_auth(
               ^^^^^^^^^^^^^^^^^^^^^^^^^
  File "/Users/muhammedsaeed/anaconda3/envs/KB/lib/python3.11/site-packages/httpx/_client.py", line 954, in _send_handling_auth
    response = self._send_handling_redirects(
               ^^^^^^^^^^^^^^^^^^^^^^^^^^^^^^
  File "/Users/muhammedsaeed/anaconda3/envs/KB/lib/python3.11/site-packages/httpx/_client.py", line 991, in _send_handling_redirects
    response = self._send_single_request(request)
               ^^^^^^^^^^^^^^^^^^^^^^^^^^^^^^^^^^
  File "/Users/muhammedsaeed/anaconda3/envs/KB/lib/python3.11/site-packages/httpx/_client.py", line 1027, in _send_single_request
    response = transport.handle_request(request)
               ^^^^^^^^^^^^^^^^^^^^^^^^^^^^^^^^^
  File "/Users/muhammedsaeed/anaconda3/envs/KB/lib/python3.11/site-packages/httpx/_transports/default.py", line 235, in handle_request
    with map_httpcore_exceptions():
  File "/Users/muhammedsaeed/anaconda3/envs/KB/lib/python3.11/contextlib.py", line 158, in __exit__
    self.gen.throw(typ, value, traceback)
  File "/Users/muhammedsaeed/anaconda3/envs/KB/lib/python3.11/site-packages/httpx/_transports/default.py", line 89, in map_httpcore_exceptions
    raise mapped_exc(message) from exc
httpx.ConnectError: [Errno 61] Connection refused

The above exception was the direct cause of the following exception:

Traceback (most recent call last):
  File "/Users/muhammedsaeed/Downloads/TU Dresden/LLMpedia/llmpedia_runner.py", line 1832, in _generate_article
    resp = el_llm(messages)
           ^^^^^^^^^^^^^^^^
  File "/Users/muhammedsaeed/Downloads/TU Dresden/LLMpedia/llm/openai_client.py", line 170, in __call__
    return self._call_chat(messages, json_schema)
           ^^^^^^^^^^^^^^^^^^^^^^^^^^^^^^^^^^^^^^
  File "/Users/muhammedsaeed/Downloads/TU Dresden/LLMpedia/llm/openai_client.py", line 201, in _call_chat
    resp = self.client.chat.completions.create(**kwargs)
           ^^^^^^^^^^^^^^^^^^^^^^^^^^^^^^^^^^^^^^^^^^^^^
  File "/Users/muhammedsaeed/anaconda3/envs/KB/lib/python3.11/site-packages/openai/_utils/_utils.py", line 286, in wrapper
    return func(*args, **kwargs)
           ^^^^^^^^^^^^^^^^^^^^^
  File "/Users/muhammedsaeed/anaconda3/envs/KB/lib/python3.11/site-packages/openai/resources/chat/completions/completions.py", line 1156, in create
    return self._post(
           ^^^^^^^^^^^
  File "/Users/muhammedsaeed/anaconda3/envs/KB/lib/python3.11/site-packages/openai/_base_client.py", line 1259, in post
    return cast(ResponseT, self.request(cast_to, opts, stream=stream, stream_cls=stream_cls))
                           ^^^^^^^^^^^^^^^^^^^^^^^^^^^^^^^^^^^^^^^^^^^^^^^^^^^^^^^^^^^^^^^^^
  File "/Users/muhammedsaeed/anaconda3/envs/KB/lib/python3.11/site-packages/openai/_base_client.py", line 1014, in request
    raise APIConnectionError(request=request) from err
openai.APIConnectionError: Connection error.

[2025-11-15T03:06:02.411599] subject=Sara Gilbert
Traceback (most recent call last):
  File "/Users/muhammedsaeed/anaconda3/envs/KB/lib/python3.11/site-packages/httpx/_transports/default.py", line 72, in map_httpcore_exceptions
    yield
  File "/Users/muhammedsaeed/anaconda3/envs/KB/lib/python3.11/site-packages/httpx/_transports/default.py", line 236, in handle_request
    resp = self._pool.handle_request(req)
           ^^^^^^^^^^^^^^^^^^^^^^^^^^^^^^
  File "/Users/muhammedsaeed/anaconda3/envs/KB/lib/python3.11/site-packages/httpcore/_sync/connection_pool.py", line 256, in handle_request
    raise exc from None
  File "/Users/muhammedsaeed/anaconda3/envs/KB/lib/python3.11/site-packages/httpcore/_sync/connection_pool.py", line 236, in handle_request
    response = connection.handle_request(
               ^^^^^^^^^^^^^^^^^^^^^^^^^^
  File "/Users/muhammedsaeed/anaconda3/envs/KB/lib/python3.11/site-packages/httpcore/_sync/connection.py", line 101, in handle_request
    raise exc
  File "/Users/muhammedsaeed/anaconda3/envs/KB/lib/python3.11/site-packages/httpcore/_sync/connection.py", line 78, in handle_request
    stream = self._connect(request)
             ^^^^^^^^^^^^^^^^^^^^^^
  File "/Users/muhammedsaeed/anaconda3/envs/KB/lib/python3.11/site-packages/httpcore/_sync/connection.py", line 124, in _connect
    stream = self._network_backend.connect_tcp(**kwargs)
             ^^^^^^^^^^^^^^^^^^^^^^^^^^^^^^^^^^^^^^^^^^^
  File "/Users/muhammedsaeed/anaconda3/envs/KB/lib/python3.11/site-packages/httpcore/_backends/sync.py", line 207, in connect_tcp
    with map_exceptions(exc_map):
  File "/Users/muhammedsaeed/anaconda3/envs/KB/lib/python3.11/contextlib.py", line 158, in __exit__
    self.gen.throw(typ, value, traceback)
  File "/Users/muhammedsaeed/anaconda3/envs/KB/lib/python3.11/site-packages/httpcore/_exceptions.py", line 14, in map_exceptions
    raise to_exc(exc) from exc
httpcore.ConnectError: [Errno 61] Connection refused

The above exception was the direct cause of the following exception:

Traceback (most recent call last):
  File "/Users/muhammedsaeed/anaconda3/envs/KB/lib/python3.11/site-packages/openai/_base_client.py", line 982, in request
    response = self._client.send(
               ^^^^^^^^^^^^^^^^^^
  File "/Users/muhammedsaeed/anaconda3/envs/KB/lib/python3.11/site-packages/httpx/_client.py", line 926, in send
    response = self._send_handling_auth(
               ^^^^^^^^^^^^^^^^^^^^^^^^^
  File "/Users/muhammedsaeed/anaconda3/envs/KB/lib/python3.11/site-packages/httpx/_client.py", line 954, in _send_handling_auth
    response = self._send_handling_redirects(
               ^^^^^^^^^^^^^^^^^^^^^^^^^^^^^^
  File "/Users/muhammedsaeed/anaconda3/envs/KB/lib/python3.11/site-packages/httpx/_client.py", line 991, in _send_handling_redirects
    response = self._send_single_request(request)
               ^^^^^^^^^^^^^^^^^^^^^^^^^^^^^^^^^^
  File "/Users/muhammedsaeed/anaconda3/envs/KB/lib/python3.11/site-packages/httpx/_client.py", line 1027, in _send_single_request
    response = transport.handle_request(request)
               ^^^^^^^^^^^^^^^^^^^^^^^^^^^^^^^^^
  File "/Users/muhammedsaeed/anaconda3/envs/KB/lib/python3.11/site-packages/httpx/_transports/default.py", line 235, in handle_request
    with map_httpcore_exceptions():
  File "/Users/muhammedsaeed/anaconda3/envs/KB/lib/python3.11/contextlib.py", line 158, in __exit__
    self.gen.throw(typ, value, traceback)
  File "/Users/muhammedsaeed/anaconda3/envs/KB/lib/python3.11/site-packages/httpx/_transports/default.py", line 89, in map_httpcore_exceptions
    raise mapped_exc(message) from exc
httpx.ConnectError: [Errno 61] Connection refused

The above exception was the direct cause of the following exception:

Traceback (most recent call last):
  File "/Users/muhammedsaeed/Downloads/TU Dresden/LLMpedia/llmpedia_runner.py", line 1934, in _generate_article
    ner_resp = ner_llm(ner_messages)
               ^^^^^^^^^^^^^^^^^^^^^
  File "/Users/muhammedsaeed/Downloads/TU Dresden/LLMpedia/llm/openai_client.py", line 170, in __call__
    return self._call_chat(messages, json_schema)
           ^^^^^^^^^^^^^^^^^^^^^^^^^^^^^^^^^^^^^^
  File "/Users/muhammedsaeed/Downloads/TU Dresden/LLMpedia/llm/openai_client.py", line 201, in _call_chat
    resp = self.client.chat.completions.create(**kwargs)
           ^^^^^^^^^^^^^^^^^^^^^^^^^^^^^^^^^^^^^^^^^^^^^
  File "/Users/muhammedsaeed/anaconda3/envs/KB/lib/python3.11/site-packages/openai/_utils/_utils.py", line 286, in wrapper
    return func(*args, **kwargs)
           ^^^^^^^^^^^^^^^^^^^^^
  File "/Users/muhammedsaeed/anaconda3/envs/KB/lib/python3.11/site-packages/openai/resources/chat/completions/completions.py", line 1156, in create
    return self._post(
           ^^^^^^^^^^^
  File "/Users/muhammedsaeed/anaconda3/envs/KB/lib/python3.11/site-packages/openai/_base_client.py", line 1259, in post
    return cast(ResponseT, self.request(cast_to, opts, stream=stream, stream_cls=stream_cls))
                           ^^^^^^^^^^^^^^^^^^^^^^^^^^^^^^^^^^^^^^^^^^^^^^^^^^^^^^^^^^^^^^^^^
  File "/Users/muhammedsaeed/anaconda3/envs/KB/lib/python3.11/site-packages/openai/_base_client.py", line 1014, in request
    raise APIConnectionError(request=request) from err
openai.APIConnectionError: Connection error.

[2025-11-15T03:07:18.657907] subject=Mrs. Wolowitz
Traceback (most recent call last):
  File "/Users/muhammedsaeed/anaconda3/envs/KB/lib/python3.11/site-packages/httpx/_transports/default.py", line 72, in map_httpcore_exceptions
    yield
  File "/Users/muhammedsaeed/anaconda3/envs/KB/lib/python3.11/site-packages/httpx/_transports/default.py", line 236, in handle_request
    resp = self._pool.handle_request(req)
           ^^^^^^^^^^^^^^^^^^^^^^^^^^^^^^
  File "/Users/muhammedsaeed/anaconda3/envs/KB/lib/python3.11/site-packages/httpcore/_sync/connection_pool.py", line 256, in handle_request
    raise exc from None
  File "/Users/muhammedsaeed/anaconda3/envs/KB/lib/python3.11/site-packages/httpcore/_sync/connection_pool.py", line 236, in handle_request
    response = connection.handle_request(
               ^^^^^^^^^^^^^^^^^^^^^^^^^^
  File "/Users/muhammedsaeed/anaconda3/envs/KB/lib/python3.11/site-packages/httpcore/_sync/connection.py", line 101, in handle_request
    raise exc
  File "/Users/muhammedsaeed/anaconda3/envs/KB/lib/python3.11/site-packages/httpcore/_sync/connection.py", line 78, in handle_request
    stream = self._connect(request)
             ^^^^^^^^^^^^^^^^^^^^^^
  File "/Users/muhammedsaeed/anaconda3/envs/KB/lib/python3.11/site-packages/httpcore/_sync/connection.py", line 124, in _connect
    stream = self._network_backend.connect_tcp(**kwargs)
             ^^^^^^^^^^^^^^^^^^^^^^^^^^^^^^^^^^^^^^^^^^^
  File "/Users/muhammedsaeed/anaconda3/envs/KB/lib/python3.11/site-packages/httpcore/_backends/sync.py", line 207, in connect_tcp
    with map_exceptions(exc_map):
  File "/Users/muhammedsaeed/anaconda3/envs/KB/lib/python3.11/contextlib.py", line 158, in __exit__
    self.gen.throw(typ, value, traceback)
  File "/Users/muhammedsaeed/anaconda3/envs/KB/lib/python3.11/site-packages/httpcore/_exceptions.py", line 14, in map_exceptions
    raise to_exc(exc) from exc
httpcore.ConnectError: [Errno 61] Connection refused

The above exception was the direct cause of the following exception:

Traceback (most recent call last):
  File "/Users/muhammedsaeed/anaconda3/envs/KB/lib/python3.11/site-packages/openai/_base_client.py", line 982, in request
    response = self._client.send(
               ^^^^^^^^^^^^^^^^^^
  File "/Users/muhammedsaeed/anaconda3/envs/KB/lib/python3.11/site-packages/httpx/_client.py", line 926, in send
    response = self._send_handling_auth(
               ^^^^^^^^^^^^^^^^^^^^^^^^^
  File "/Users/muhammedsaeed/anaconda3/envs/KB/lib/python3.11/site-packages/httpx/_client.py", line 954, in _send_handling_auth
    response = self._send_handling_redirects(
               ^^^^^^^^^^^^^^^^^^^^^^^^^^^^^^
  File "/Users/muhammedsaeed/anaconda3/envs/KB/lib/python3.11/site-packages/httpx/_client.py", line 991, in _send_handling_redirects
    response = self._send_single_request(request)
               ^^^^^^^^^^^^^^^^^^^^^^^^^^^^^^^^^^
  File "/Users/muhammedsaeed/anaconda3/envs/KB/lib/python3.11/site-packages/httpx/_client.py", line 1027, in _send_single_request
    response = transport.handle_request(request)
               ^^^^^^^^^^^^^^^^^^^^^^^^^^^^^^^^^
  File "/Users/muhammedsaeed/anaconda3/envs/KB/lib/python3.11/site-packages/httpx/_transports/default.py", line 235, in handle_request
    with map_httpcore_exceptions():
  File "/Users/muhammedsaeed/anaconda3/envs/KB/lib/python3.11/contextlib.py", line 158, in __exit__
    self.gen.throw(typ, value, traceback)
  File "/Users/muhammedsaeed/anaconda3/envs/KB/lib/python3.11/site-packages/httpx/_transports/default.py", line 89, in map_httpcore_exceptions
    raise mapped_exc(message) from exc
httpx.ConnectError: [Errno 61] Connection refused

The above exception was the direct cause of the following exception:

Traceback (most recent call last):
  File "/Users/muhammedsaeed/Downloads/TU Dresden/LLMpedia/llmpedia_runner.py", line 1934, in _generate_article
    ner_resp = ner_llm(ner_messages)
               ^^^^^^^^^^^^^^^^^^^^^
  File "/Users/muhammedsaeed/Downloads/TU Dresden/LLMpedia/llm/openai_client.py", line 170, in __call__
    return self._call_chat(messages, json_schema)
           ^^^^^^^^^^^^^^^^^^^^^^^^^^^^^^^^^^^^^^
  File "/Users/muhammedsaeed/Downloads/TU Dresden/LLMpedia/llm/openai_client.py", line 201, in _call_chat
    resp = self.client.chat.completions.create(**kwargs)
           ^^^^^^^^^^^^^^^^^^^^^^^^^^^^^^^^^^^^^^^^^^^^^
  File "/Users/muhammedsaeed/anaconda3/envs/KB/lib/python3.11/site-packages/openai/_utils/_utils.py", line 286, in wrapper
    return func(*args, **kwargs)
           ^^^^^^^^^^^^^^^^^^^^^
  File "/Users/muhammedsaeed/anaconda3/envs/KB/lib/python3.11/site-packages/openai/resources/chat/completions/completions.py", line 1156, in create
    return self._post(
           ^^^^^^^^^^^
  File "/Users/muhammedsaeed/anaconda3/envs/KB/lib/python3.11/site-packages/openai/_base_client.py", line 1259, in post
    return cast(ResponseT, self.request(cast_to, opts, stream=stream, stream_cls=stream_cls))
                           ^^^^^^^^^^^^^^^^^^^^^^^^^^^^^^^^^^^^^^^^^^^^^^^^^^^^^^^^^^^^^^^^^
  File "/Users/muhammedsaeed/anaconda3/envs/KB/lib/python3.11/site-packages/openai/_base_client.py", line 1014, in request
    raise APIConnectionError(request=request) from err
openai.APIConnectionError: Connection error.

[2025-11-15T03:07:21.965343] subject=Television series by Warner Bros. Television
Traceback (most recent call last):
  File "/Users/muhammedsaeed/anaconda3/envs/KB/lib/python3.11/site-packages/httpx/_transports/default.py", line 72, in map_httpcore_exceptions
    yield
  File "/Users/muhammedsaeed/anaconda3/envs/KB/lib/python3.11/site-packages/httpx/_transports/default.py", line 236, in handle_request
    resp = self._pool.handle_request(req)
           ^^^^^^^^^^^^^^^^^^^^^^^^^^^^^^
  File "/Users/muhammedsaeed/anaconda3/envs/KB/lib/python3.11/site-packages/httpcore/_sync/connection_pool.py", line 256, in handle_request
    raise exc from None
  File "/Users/muhammedsaeed/anaconda3/envs/KB/lib/python3.11/site-packages/httpcore/_sync/connection_pool.py", line 236, in handle_request
    response = connection.handle_request(
               ^^^^^^^^^^^^^^^^^^^^^^^^^^
  File "/Users/muhammedsaeed/anaconda3/envs/KB/lib/python3.11/site-packages/httpcore/_sync/connection.py", line 101, in handle_request
    raise exc
  File "/Users/muhammedsaeed/anaconda3/envs/KB/lib/python3.11/site-packages/httpcore/_sync/connection.py", line 78, in handle_request
    stream = self._connect(request)
             ^^^^^^^^^^^^^^^^^^^^^^
  File "/Users/muhammedsaeed/anaconda3/envs/KB/lib/python3.11/site-packages/httpcore/_sync/connection.py", line 124, in _connect
    stream = self._network_backend.connect_tcp(**kwargs)
             ^^^^^^^^^^^^^^^^^^^^^^^^^^^^^^^^^^^^^^^^^^^
  File "/Users/muhammedsaeed/anaconda3/envs/KB/lib/python3.11/site-packages/httpcore/_backends/sync.py", line 207, in connect_tcp
    with map_exceptions(exc_map):
  File "/Users/muhammedsaeed/anaconda3/envs/KB/lib/python3.11/contextlib.py", line 158, in __exit__
    self.gen.throw(typ, value, traceback)
  File "/Users/muhammedsaeed/anaconda3/envs/KB/lib/python3.11/site-packages/httpcore/_exceptions.py", line 14, in map_exceptions
    raise to_exc(exc) from exc
httpcore.ConnectError: [Errno 61] Connection refused

The above exception was the direct cause of the following exception:

Traceback (most recent call last):
  File "/Users/muhammedsaeed/anaconda3/envs/KB/lib/python3.11/site-packages/openai/_base_client.py", line 982, in request
    response = self._client.send(
               ^^^^^^^^^^^^^^^^^^
  File "/Users/muhammedsaeed/anaconda3/envs/KB/lib/python3.11/site-packages/httpx/_client.py", line 926, in send
    response = self._send_handling_auth(
               ^^^^^^^^^^^^^^^^^^^^^^^^^
  File "/Users/muhammedsaeed/anaconda3/envs/KB/lib/python3.11/site-packages/httpx/_client.py", line 954, in _send_handling_auth
    response = self._send_handling_redirects(
               ^^^^^^^^^^^^^^^^^^^^^^^^^^^^^^
  File "/Users/muhammedsaeed/anaconda3/envs/KB/lib/python3.11/site-packages/httpx/_client.py", line 991, in _send_handling_redirects
    response = self._send_single_request(request)
               ^^^^^^^^^^^^^^^^^^^^^^^^^^^^^^^^^^
  File "/Users/muhammedsaeed/anaconda3/envs/KB/lib/python3.11/site-packages/httpx/_client.py", line 1027, in _send_single_request
    response = transport.handle_request(request)
               ^^^^^^^^^^^^^^^^^^^^^^^^^^^^^^^^^
  File "/Users/muhammedsaeed/anaconda3/envs/KB/lib/python3.11/site-packages/httpx/_transports/default.py", line 235, in handle_request
    with map_httpcore_exceptions():
  File "/Users/muhammedsaeed/anaconda3/envs/KB/lib/python3.11/contextlib.py", line 158, in __exit__
    self.gen.throw(typ, value, traceback)
  File "/Users/muhammedsaeed/anaconda3/envs/KB/lib/python3.11/site-packages/httpx/_transports/default.py", line 89, in map_httpcore_exceptions
    raise mapped_exc(message) from exc
httpx.ConnectError: [Errno 61] Connection refused

The above exception was the direct cause of the following exception:

Traceback (most recent call last):
  File "/Users/muhammedsaeed/Downloads/TU Dresden/LLMpedia/llmpedia_runner.py", line 1934, in _generate_article
    ner_resp = ner_llm(ner_messages)
               ^^^^^^^^^^^^^^^^^^^^^
  File "/Users/muhammedsaeed/Downloads/TU Dresden/LLMpedia/llm/openai_client.py", line 170, in __call__
    return self._call_chat(messages, json_schema)
           ^^^^^^^^^^^^^^^^^^^^^^^^^^^^^^^^^^^^^^
  File "/Users/muhammedsaeed/Downloads/TU Dresden/LLMpedia/llm/openai_client.py", line 201, in _call_chat
    resp = self.client.chat.completions.create(**kwargs)
           ^^^^^^^^^^^^^^^^^^^^^^^^^^^^^^^^^^^^^^^^^^^^^
  File "/Users/muhammedsaeed/anaconda3/envs/KB/lib/python3.11/site-packages/openai/_utils/_utils.py", line 286, in wrapper
    return func(*args, **kwargs)
           ^^^^^^^^^^^^^^^^^^^^^
  File "/Users/muhammedsaeed/anaconda3/envs/KB/lib/python3.11/site-packages/openai/resources/chat/completions/completions.py", line 1156, in create
    return self._post(
           ^^^^^^^^^^^
  File "/Users/muhammedsaeed/anaconda3/envs/KB/lib/python3.11/site-packages/openai/_base_client.py", line 1259, in post
    return cast(ResponseT, self.request(cast_to, opts, stream=stream, stream_cls=stream_cls))
                           ^^^^^^^^^^^^^^^^^^^^^^^^^^^^^^^^^^^^^^^^^^^^^^^^^^^^^^^^^^^^^^^^^
  File "/Users/muhammedsaeed/anaconda3/envs/KB/lib/python3.11/site-packages/openai/_base_client.py", line 1014, in request
    raise APIConnectionError(request=request) from err
openai.APIConnectionError: Connection error.

[2025-11-15T03:07:22.272266] subject=Mayim Bialik
Traceback (most recent call last):
  File "/Users/muhammedsaeed/anaconda3/envs/KB/lib/python3.11/site-packages/httpx/_transports/default.py", line 72, in map_httpcore_exceptions
    yield
  File "/Users/muhammedsaeed/anaconda3/envs/KB/lib/python3.11/site-packages/httpx/_transports/default.py", line 236, in handle_request
    resp = self._pool.handle_request(req)
           ^^^^^^^^^^^^^^^^^^^^^^^^^^^^^^
  File "/Users/muhammedsaeed/anaconda3/envs/KB/lib/python3.11/site-packages/httpcore/_sync/connection_pool.py", line 256, in handle_request
    raise exc from None
  File "/Users/muhammedsaeed/anaconda3/envs/KB/lib/python3.11/site-packages/httpcore/_sync/connection_pool.py", line 236, in handle_request
    response = connection.handle_request(
               ^^^^^^^^^^^^^^^^^^^^^^^^^^
  File "/Users/muhammedsaeed/anaconda3/envs/KB/lib/python3.11/site-packages/httpcore/_sync/connection.py", line 101, in handle_request
    raise exc
  File "/Users/muhammedsaeed/anaconda3/envs/KB/lib/python3.11/site-packages/httpcore/_sync/connection.py", line 78, in handle_request
    stream = self._connect(request)
             ^^^^^^^^^^^^^^^^^^^^^^
  File "/Users/muhammedsaeed/anaconda3/envs/KB/lib/python3.11/site-packages/httpcore/_sync/connection.py", line 124, in _connect
    stream = self._network_backend.connect_tcp(**kwargs)
             ^^^^^^^^^^^^^^^^^^^^^^^^^^^^^^^^^^^^^^^^^^^
  File "/Users/muhammedsaeed/anaconda3/envs/KB/lib/python3.11/site-packages/httpcore/_backends/sync.py", line 207, in connect_tcp
    with map_exceptions(exc_map):
  File "/Users/muhammedsaeed/anaconda3/envs/KB/lib/python3.11/contextlib.py", line 158, in __exit__
    self.gen.throw(typ, value, traceback)
  File "/Users/muhammedsaeed/anaconda3/envs/KB/lib/python3.11/site-packages/httpcore/_exceptions.py", line 14, in map_exceptions
    raise to_exc(exc) from exc
httpcore.ConnectError: [Errno 61] Connection refused

The above exception was the direct cause of the following exception:

Traceback (most recent call last):
  File "/Users/muhammedsaeed/anaconda3/envs/KB/lib/python3.11/site-packages/openai/_base_client.py", line 982, in request
    response = self._client.send(
               ^^^^^^^^^^^^^^^^^^
  File "/Users/muhammedsaeed/anaconda3/envs/KB/lib/python3.11/site-packages/httpx/_client.py", line 926, in send
    response = self._send_handling_auth(
               ^^^^^^^^^^^^^^^^^^^^^^^^^
  File "/Users/muhammedsaeed/anaconda3/envs/KB/lib/python3.11/site-packages/httpx/_client.py", line 954, in _send_handling_auth
    response = self._send_handling_redirects(
               ^^^^^^^^^^^^^^^^^^^^^^^^^^^^^^
  File "/Users/muhammedsaeed/anaconda3/envs/KB/lib/python3.11/site-packages/httpx/_client.py", line 991, in _send_handling_redirects
    response = self._send_single_request(request)
               ^^^^^^^^^^^^^^^^^^^^^^^^^^^^^^^^^^
  File "/Users/muhammedsaeed/anaconda3/envs/KB/lib/python3.11/site-packages/httpx/_client.py", line 1027, in _send_single_request
    response = transport.handle_request(request)
               ^^^^^^^^^^^^^^^^^^^^^^^^^^^^^^^^^
  File "/Users/muhammedsaeed/anaconda3/envs/KB/lib/python3.11/site-packages/httpx/_transports/default.py", line 235, in handle_request
    with map_httpcore_exceptions():
  File "/Users/muhammedsaeed/anaconda3/envs/KB/lib/python3.11/contextlib.py", line 158, in __exit__
    self.gen.throw(typ, value, traceback)
  File "/Users/muhammedsaeed/anaconda3/envs/KB/lib/python3.11/site-packages/httpx/_transports/default.py", line 89, in map_httpcore_exceptions
    raise mapped_exc(message) from exc
httpx.ConnectError: [Errno 61] Connection refused

The above exception was the direct cause of the following exception:

Traceback (most recent call last):
  File "/Users/muhammedsaeed/Downloads/TU Dresden/LLMpedia/llmpedia_runner.py", line 1934, in _generate_article
    ner_resp = ner_llm(ner_messages)
               ^^^^^^^^^^^^^^^^^^^^^
  File "/Users/muhammedsaeed/Downloads/TU Dresden/LLMpedia/llm/openai_client.py", line 170, in __call__
    return self._call_chat(messages, json_schema)
           ^^^^^^^^^^^^^^^^^^^^^^^^^^^^^^^^^^^^^^
  File "/Users/muhammedsaeed/Downloads/TU Dresden/LLMpedia/llm/openai_client.py", line 201, in _call_chat
    resp = self.client.chat.completions.create(**kwargs)
           ^^^^^^^^^^^^^^^^^^^^^^^^^^^^^^^^^^^^^^^^^^^^^
  File "/Users/muhammedsaeed/anaconda3/envs/KB/lib/python3.11/site-packages/openai/_utils/_utils.py", line 286, in wrapper
    return func(*args, **kwargs)
           ^^^^^^^^^^^^^^^^^^^^^
  File "/Users/muhammedsaeed/anaconda3/envs/KB/lib/python3.11/site-packages/openai/resources/chat/completions/completions.py", line 1156, in create
    return self._post(
           ^^^^^^^^^^^
  File "/Users/muhammedsaeed/anaconda3/envs/KB/lib/python3.11/site-packages/openai/_base_client.py", line 1259, in post
    return cast(ResponseT, self.request(cast_to, opts, stream=stream, stream_cls=stream_cls))
                           ^^^^^^^^^^^^^^^^^^^^^^^^^^^^^^^^^^^^^^^^^^^^^^^^^^^^^^^^^^^^^^^^^
  File "/Users/muhammedsaeed/anaconda3/envs/KB/lib/python3.11/site-packages/openai/_base_client.py", line 1014, in request
    raise APIConnectionError(request=request) from err
openai.APIConnectionError: Connection error.

[2025-11-15T03:07:22.425123] subject=Zachary Quinto
Traceback (most recent call last):
  File "/Users/muhammedsaeed/anaconda3/envs/KB/lib/python3.11/site-packages/httpx/_transports/default.py", line 72, in map_httpcore_exceptions
    yield
  File "/Users/muhammedsaeed/anaconda3/envs/KB/lib/python3.11/site-packages/httpx/_transports/default.py", line 236, in handle_request
    resp = self._pool.handle_request(req)
           ^^^^^^^^^^^^^^^^^^^^^^^^^^^^^^
  File "/Users/muhammedsaeed/anaconda3/envs/KB/lib/python3.11/site-packages/httpcore/_sync/connection_pool.py", line 256, in handle_request
    raise exc from None
  File "/Users/muhammedsaeed/anaconda3/envs/KB/lib/python3.11/site-packages/httpcore/_sync/connection_pool.py", line 236, in handle_request
    response = connection.handle_request(
               ^^^^^^^^^^^^^^^^^^^^^^^^^^
  File "/Users/muhammedsaeed/anaconda3/envs/KB/lib/python3.11/site-packages/httpcore/_sync/connection.py", line 101, in handle_request
    raise exc
  File "/Users/muhammedsaeed/anaconda3/envs/KB/lib/python3.11/site-packages/httpcore/_sync/connection.py", line 78, in handle_request
    stream = self._connect(request)
             ^^^^^^^^^^^^^^^^^^^^^^
  File "/Users/muhammedsaeed/anaconda3/envs/KB/lib/python3.11/site-packages/httpcore/_sync/connection.py", line 124, in _connect
    stream = self._network_backend.connect_tcp(**kwargs)
             ^^^^^^^^^^^^^^^^^^^^^^^^^^^^^^^^^^^^^^^^^^^
  File "/Users/muhammedsaeed/anaconda3/envs/KB/lib/python3.11/site-packages/httpcore/_backends/sync.py", line 207, in connect_tcp
    with map_exceptions(exc_map):
  File "/Users/muhammedsaeed/anaconda3/envs/KB/lib/python3.11/contextlib.py", line 158, in __exit__
    self.gen.throw(typ, value, traceback)
  File "/Users/muhammedsaeed/anaconda3/envs/KB/lib/python3.11/site-packages/httpcore/_exceptions.py", line 14, in map_exceptions
    raise to_exc(exc) from exc
httpcore.ConnectError: [Errno 61] Connection refused

The above exception was the direct cause of the following exception:

Traceback (most recent call last):
  File "/Users/muhammedsaeed/anaconda3/envs/KB/lib/python3.11/site-packages/openai/_base_client.py", line 982, in request
    response = self._client.send(
               ^^^^^^^^^^^^^^^^^^
  File "/Users/muhammedsaeed/anaconda3/envs/KB/lib/python3.11/site-packages/httpx/_client.py", line 926, in send
    response = self._send_handling_auth(
               ^^^^^^^^^^^^^^^^^^^^^^^^^
  File "/Users/muhammedsaeed/anaconda3/envs/KB/lib/python3.11/site-packages/httpx/_client.py", line 954, in _send_handling_auth
    response = self._send_handling_redirects(
               ^^^^^^^^^^^^^^^^^^^^^^^^^^^^^^
  File "/Users/muhammedsaeed/anaconda3/envs/KB/lib/python3.11/site-packages/httpx/_client.py", line 991, in _send_handling_redirects
    response = self._send_single_request(request)
               ^^^^^^^^^^^^^^^^^^^^^^^^^^^^^^^^^^
  File "/Users/muhammedsaeed/anaconda3/envs/KB/lib/python3.11/site-packages/httpx/_client.py", line 1027, in _send_single_request
    response = transport.handle_request(request)
               ^^^^^^^^^^^^^^^^^^^^^^^^^^^^^^^^^
  File "/Users/muhammedsaeed/anaconda3/envs/KB/lib/python3.11/site-packages/httpx/_transports/default.py", line 235, in handle_request
    with map_httpcore_exceptions():
  File "/Users/muhammedsaeed/anaconda3/envs/KB/lib/python3.11/contextlib.py", line 158, in __exit__
    self.gen.throw(typ, value, traceback)
  File "/Users/muhammedsaeed/anaconda3/envs/KB/lib/python3.11/site-packages/httpx/_transports/default.py", line 89, in map_httpcore_exceptions
    raise mapped_exc(message) from exc
httpx.ConnectError: [Errno 61] Connection refused

The above exception was the direct cause of the following exception:

Traceback (most recent call last):
  File "/Users/muhammedsaeed/Downloads/TU Dresden/LLMpedia/llmpedia_runner.py", line 1934, in _generate_article
    ner_resp = ner_llm(ner_messages)
               ^^^^^^^^^^^^^^^^^^^^^
  File "/Users/muhammedsaeed/Downloads/TU Dresden/LLMpedia/llm/openai_client.py", line 170, in __call__
    return self._call_chat(messages, json_schema)
           ^^^^^^^^^^^^^^^^^^^^^^^^^^^^^^^^^^^^^^
  File "/Users/muhammedsaeed/Downloads/TU Dresden/LLMpedia/llm/openai_client.py", line 201, in _call_chat
    resp = self.client.chat.completions.create(**kwargs)
           ^^^^^^^^^^^^^^^^^^^^^^^^^^^^^^^^^^^^^^^^^^^^^
  File "/Users/muhammedsaeed/anaconda3/envs/KB/lib/python3.11/site-packages/openai/_utils/_utils.py", line 286, in wrapper
    return func(*args, **kwargs)
           ^^^^^^^^^^^^^^^^^^^^^
  File "/Users/muhammedsaeed/anaconda3/envs/KB/lib/python3.11/site-packages/openai/resources/chat/completions/completions.py", line 1156, in create
    return self._post(
           ^^^^^^^^^^^
  File "/Users/muhammedsaeed/anaconda3/envs/KB/lib/python3.11/site-packages/openai/_base_client.py", line 1259, in post
    return cast(ResponseT, self.request(cast_to, opts, stream=stream, stream_cls=stream_cls))
                           ^^^^^^^^^^^^^^^^^^^^^^^^^^^^^^^^^^^^^^^^^^^^^^^^^^^^^^^^^^^^^^^^^
  File "/Users/muhammedsaeed/anaconda3/envs/KB/lib/python3.11/site-packages/openai/_base_client.py", line 1014, in request
    raise APIConnectionError(request=request) from err
openai.APIConnectionError: Connection error.

[2025-11-15T03:07:29.808003] subject=Mrs. Wolowitz
Traceback (most recent call last):
  File "/Users/muhammedsaeed/anaconda3/envs/KB/lib/python3.11/site-packages/httpx/_transports/default.py", line 72, in map_httpcore_exceptions
    yield
  File "/Users/muhammedsaeed/anaconda3/envs/KB/lib/python3.11/site-packages/httpx/_transports/default.py", line 236, in handle_request
    resp = self._pool.handle_request(req)
           ^^^^^^^^^^^^^^^^^^^^^^^^^^^^^^
  File "/Users/muhammedsaeed/anaconda3/envs/KB/lib/python3.11/site-packages/httpcore/_sync/connection_pool.py", line 256, in handle_request
    raise exc from None
  File "/Users/muhammedsaeed/anaconda3/envs/KB/lib/python3.11/site-packages/httpcore/_sync/connection_pool.py", line 236, in handle_request
    response = connection.handle_request(
               ^^^^^^^^^^^^^^^^^^^^^^^^^^
  File "/Users/muhammedsaeed/anaconda3/envs/KB/lib/python3.11/site-packages/httpcore/_sync/connection.py", line 101, in handle_request
    raise exc
  File "/Users/muhammedsaeed/anaconda3/envs/KB/lib/python3.11/site-packages/httpcore/_sync/connection.py", line 78, in handle_request
    stream = self._connect(request)
             ^^^^^^^^^^^^^^^^^^^^^^
  File "/Users/muhammedsaeed/anaconda3/envs/KB/lib/python3.11/site-packages/httpcore/_sync/connection.py", line 124, in _connect
    stream = self._network_backend.connect_tcp(**kwargs)
             ^^^^^^^^^^^^^^^^^^^^^^^^^^^^^^^^^^^^^^^^^^^
  File "/Users/muhammedsaeed/anaconda3/envs/KB/lib/python3.11/site-packages/httpcore/_backends/sync.py", line 207, in connect_tcp
    with map_exceptions(exc_map):
  File "/Users/muhammedsaeed/anaconda3/envs/KB/lib/python3.11/contextlib.py", line 158, in __exit__
    self.gen.throw(typ, value, traceback)
  File "/Users/muhammedsaeed/anaconda3/envs/KB/lib/python3.11/site-packages/httpcore/_exceptions.py", line 14, in map_exceptions
    raise to_exc(exc) from exc
httpcore.ConnectError: [Errno 61] Connection refused

The above exception was the direct cause of the following exception:

Traceback (most recent call last):
  File "/Users/muhammedsaeed/anaconda3/envs/KB/lib/python3.11/site-packages/openai/_base_client.py", line 982, in request
    response = self._client.send(
               ^^^^^^^^^^^^^^^^^^
  File "/Users/muhammedsaeed/anaconda3/envs/KB/lib/python3.11/site-packages/httpx/_client.py", line 926, in send
    response = self._send_handling_auth(
               ^^^^^^^^^^^^^^^^^^^^^^^^^
  File "/Users/muhammedsaeed/anaconda3/envs/KB/lib/python3.11/site-packages/httpx/_client.py", line 954, in _send_handling_auth
    response = self._send_handling_redirects(
               ^^^^^^^^^^^^^^^^^^^^^^^^^^^^^^
  File "/Users/muhammedsaeed/anaconda3/envs/KB/lib/python3.11/site-packages/httpx/_client.py", line 991, in _send_handling_redirects
    response = self._send_single_request(request)
               ^^^^^^^^^^^^^^^^^^^^^^^^^^^^^^^^^^
  File "/Users/muhammedsaeed/anaconda3/envs/KB/lib/python3.11/site-packages/httpx/_client.py", line 1027, in _send_single_request
    response = transport.handle_request(request)
               ^^^^^^^^^^^^^^^^^^^^^^^^^^^^^^^^^
  File "/Users/muhammedsaeed/anaconda3/envs/KB/lib/python3.11/site-packages/httpx/_transports/default.py", line 235, in handle_request
    with map_httpcore_exceptions():
  File "/Users/muhammedsaeed/anaconda3/envs/KB/lib/python3.11/contextlib.py", line 158, in __exit__
    self.gen.throw(typ, value, traceback)
  File "/Users/muhammedsaeed/anaconda3/envs/KB/lib/python3.11/site-packages/httpx/_transports/default.py", line 89, in map_httpcore_exceptions
    raise mapped_exc(message) from exc
httpx.ConnectError: [Errno 61] Connection refused

The above exception was the direct cause of the following exception:

Traceback (most recent call last):
  File "/Users/muhammedsaeed/Downloads/TU Dresden/LLMpedia/llmpedia_runner.py", line 1832, in _generate_article
    resp = el_llm(messages)
           ^^^^^^^^^^^^^^^^
  File "/Users/muhammedsaeed/Downloads/TU Dresden/LLMpedia/llm/openai_client.py", line 170, in __call__
    return self._call_chat(messages, json_schema)
           ^^^^^^^^^^^^^^^^^^^^^^^^^^^^^^^^^^^^^^
  File "/Users/muhammedsaeed/Downloads/TU Dresden/LLMpedia/llm/openai_client.py", line 201, in _call_chat
    resp = self.client.chat.completions.create(**kwargs)
           ^^^^^^^^^^^^^^^^^^^^^^^^^^^^^^^^^^^^^^^^^^^^^
  File "/Users/muhammedsaeed/anaconda3/envs/KB/lib/python3.11/site-packages/openai/_utils/_utils.py", line 286, in wrapper
    return func(*args, **kwargs)
           ^^^^^^^^^^^^^^^^^^^^^
  File "/Users/muhammedsaeed/anaconda3/envs/KB/lib/python3.11/site-packages/openai/resources/chat/completions/completions.py", line 1156, in create
    return self._post(
           ^^^^^^^^^^^
  File "/Users/muhammedsaeed/anaconda3/envs/KB/lib/python3.11/site-packages/openai/_base_client.py", line 1259, in post
    return cast(ResponseT, self.request(cast_to, opts, stream=stream, stream_cls=stream_cls))
                           ^^^^^^^^^^^^^^^^^^^^^^^^^^^^^^^^^^^^^^^^^^^^^^^^^^^^^^^^^^^^^^^^^
  File "/Users/muhammedsaeed/anaconda3/envs/KB/lib/python3.11/site-packages/openai/_base_client.py", line 1014, in request
    raise APIConnectionError(request=request) from err
openai.APIConnectionError: Connection error.

[2025-11-15T03:07:45.199067] subject=Corvette Summer
Traceback (most recent call last):
  File "/Users/muhammedsaeed/anaconda3/envs/KB/lib/python3.11/site-packages/httpx/_transports/default.py", line 72, in map_httpcore_exceptions
    yield
  File "/Users/muhammedsaeed/anaconda3/envs/KB/lib/python3.11/site-packages/httpx/_transports/default.py", line 236, in handle_request
    resp = self._pool.handle_request(req)
           ^^^^^^^^^^^^^^^^^^^^^^^^^^^^^^
  File "/Users/muhammedsaeed/anaconda3/envs/KB/lib/python3.11/site-packages/httpcore/_sync/connection_pool.py", line 256, in handle_request
    raise exc from None
  File "/Users/muhammedsaeed/anaconda3/envs/KB/lib/python3.11/site-packages/httpcore/_sync/connection_pool.py", line 236, in handle_request
    response = connection.handle_request(
               ^^^^^^^^^^^^^^^^^^^^^^^^^^
  File "/Users/muhammedsaeed/anaconda3/envs/KB/lib/python3.11/site-packages/httpcore/_sync/connection.py", line 101, in handle_request
    raise exc
  File "/Users/muhammedsaeed/anaconda3/envs/KB/lib/python3.11/site-packages/httpcore/_sync/connection.py", line 78, in handle_request
    stream = self._connect(request)
             ^^^^^^^^^^^^^^^^^^^^^^
  File "/Users/muhammedsaeed/anaconda3/envs/KB/lib/python3.11/site-packages/httpcore/_sync/connection.py", line 124, in _connect
    stream = self._network_backend.connect_tcp(**kwargs)
             ^^^^^^^^^^^^^^^^^^^^^^^^^^^^^^^^^^^^^^^^^^^
  File "/Users/muhammedsaeed/anaconda3/envs/KB/lib/python3.11/site-packages/httpcore/_backends/sync.py", line 207, in connect_tcp
    with map_exceptions(exc_map):
  File "/Users/muhammedsaeed/anaconda3/envs/KB/lib/python3.11/contextlib.py", line 158, in __exit__
    self.gen.throw(typ, value, traceback)
  File "/Users/muhammedsaeed/anaconda3/envs/KB/lib/python3.11/site-packages/httpcore/_exceptions.py", line 14, in map_exceptions
    raise to_exc(exc) from exc
httpcore.ConnectError: [Errno 61] Connection refused

The above exception was the direct cause of the following exception:

Traceback (most recent call last):
  File "/Users/muhammedsaeed/anaconda3/envs/KB/lib/python3.11/site-packages/openai/_base_client.py", line 982, in request
    response = self._client.send(
               ^^^^^^^^^^^^^^^^^^
  File "/Users/muhammedsaeed/anaconda3/envs/KB/lib/python3.11/site-packages/httpx/_client.py", line 926, in send
    response = self._send_handling_auth(
               ^^^^^^^^^^^^^^^^^^^^^^^^^
  File "/Users/muhammedsaeed/anaconda3/envs/KB/lib/python3.11/site-packages/httpx/_client.py", line 954, in _send_handling_auth
    response = self._send_handling_redirects(
               ^^^^^^^^^^^^^^^^^^^^^^^^^^^^^^
  File "/Users/muhammedsaeed/anaconda3/envs/KB/lib/python3.11/site-packages/httpx/_client.py", line 991, in _send_handling_redirects
    response = self._send_single_request(request)
               ^^^^^^^^^^^^^^^^^^^^^^^^^^^^^^^^^^
  File "/Users/muhammedsaeed/anaconda3/envs/KB/lib/python3.11/site-packages/httpx/_client.py", line 1027, in _send_single_request
    response = transport.handle_request(request)
               ^^^^^^^^^^^^^^^^^^^^^^^^^^^^^^^^^
  File "/Users/muhammedsaeed/anaconda3/envs/KB/lib/python3.11/site-packages/httpx/_transports/default.py", line 235, in handle_request
    with map_httpcore_exceptions():
  File "/Users/muhammedsaeed/anaconda3/envs/KB/lib/python3.11/contextlib.py", line 158, in __exit__
    self.gen.throw(typ, value, traceback)
  File "/Users/muhammedsaeed/anaconda3/envs/KB/lib/python3.11/site-packages/httpx/_transports/default.py", line 89, in map_httpcore_exceptions
    raise mapped_exc(message) from exc
httpx.ConnectError: [Errno 61] Connection refused

The above exception was the direct cause of the following exception:

Traceback (most recent call last):
  File "/Users/muhammedsaeed/Downloads/TU Dresden/LLMpedia/llmpedia_runner.py", line 1934, in _generate_article
    ner_resp = ner_llm(ner_messages)
               ^^^^^^^^^^^^^^^^^^^^^
  File "/Users/muhammedsaeed/Downloads/TU Dresden/LLMpedia/llm/openai_client.py", line 170, in __call__
    return self._call_chat(messages, json_schema)
           ^^^^^^^^^^^^^^^^^^^^^^^^^^^^^^^^^^^^^^
  File "/Users/muhammedsaeed/Downloads/TU Dresden/LLMpedia/llm/openai_client.py", line 201, in _call_chat
    resp = self.client.chat.completions.create(**kwargs)
           ^^^^^^^^^^^^^^^^^^^^^^^^^^^^^^^^^^^^^^^^^^^^^
  File "/Users/muhammedsaeed/anaconda3/envs/KB/lib/python3.11/site-packages/openai/_utils/_utils.py", line 286, in wrapper
    return func(*args, **kwargs)
           ^^^^^^^^^^^^^^^^^^^^^
  File "/Users/muhammedsaeed/anaconda3/envs/KB/lib/python3.11/site-packages/openai/resources/chat/completions/completions.py", line 1156, in create
    return self._post(
           ^^^^^^^^^^^
  File "/Users/muhammedsaeed/anaconda3/envs/KB/lib/python3.11/site-packages/openai/_base_client.py", line 1259, in post
    return cast(ResponseT, self.request(cast_to, opts, stream=stream, stream_cls=stream_cls))
                           ^^^^^^^^^^^^^^^^^^^^^^^^^^^^^^^^^^^^^^^^^^^^^^^^^^^^^^^^^^^^^^^^^
  File "/Users/muhammedsaeed/anaconda3/envs/KB/lib/python3.11/site-packages/openai/_base_client.py", line 1014, in request
    raise APIConnectionError(request=request) from err
openai.APIConnectionError: Connection error.

[2025-11-15T03:07:45.273460] subject=Zachary Quinto
Traceback (most recent call last):
  File "/Users/muhammedsaeed/anaconda3/envs/KB/lib/python3.11/site-packages/httpx/_transports/default.py", line 72, in map_httpcore_exceptions
    yield
  File "/Users/muhammedsaeed/anaconda3/envs/KB/lib/python3.11/site-packages/httpx/_transports/default.py", line 236, in handle_request
    resp = self._pool.handle_request(req)
           ^^^^^^^^^^^^^^^^^^^^^^^^^^^^^^
  File "/Users/muhammedsaeed/anaconda3/envs/KB/lib/python3.11/site-packages/httpcore/_sync/connection_pool.py", line 256, in handle_request
    raise exc from None
  File "/Users/muhammedsaeed/anaconda3/envs/KB/lib/python3.11/site-packages/httpcore/_sync/connection_pool.py", line 236, in handle_request
    response = connection.handle_request(
               ^^^^^^^^^^^^^^^^^^^^^^^^^^
  File "/Users/muhammedsaeed/anaconda3/envs/KB/lib/python3.11/site-packages/httpcore/_sync/connection.py", line 101, in handle_request
    raise exc
  File "/Users/muhammedsaeed/anaconda3/envs/KB/lib/python3.11/site-packages/httpcore/_sync/connection.py", line 78, in handle_request
    stream = self._connect(request)
             ^^^^^^^^^^^^^^^^^^^^^^
  File "/Users/muhammedsaeed/anaconda3/envs/KB/lib/python3.11/site-packages/httpcore/_sync/connection.py", line 124, in _connect
    stream = self._network_backend.connect_tcp(**kwargs)
             ^^^^^^^^^^^^^^^^^^^^^^^^^^^^^^^^^^^^^^^^^^^
  File "/Users/muhammedsaeed/anaconda3/envs/KB/lib/python3.11/site-packages/httpcore/_backends/sync.py", line 207, in connect_tcp
    with map_exceptions(exc_map):
  File "/Users/muhammedsaeed/anaconda3/envs/KB/lib/python3.11/contextlib.py", line 158, in __exit__
    self.gen.throw(typ, value, traceback)
  File "/Users/muhammedsaeed/anaconda3/envs/KB/lib/python3.11/site-packages/httpcore/_exceptions.py", line 14, in map_exceptions
    raise to_exc(exc) from exc
httpcore.ConnectError: [Errno 61] Connection refused

The above exception was the direct cause of the following exception:

Traceback (most recent call last):
  File "/Users/muhammedsaeed/anaconda3/envs/KB/lib/python3.11/site-packages/openai/_base_client.py", line 982, in request
    response = self._client.send(
               ^^^^^^^^^^^^^^^^^^
  File "/Users/muhammedsaeed/anaconda3/envs/KB/lib/python3.11/site-packages/httpx/_client.py", line 926, in send
    response = self._send_handling_auth(
               ^^^^^^^^^^^^^^^^^^^^^^^^^
  File "/Users/muhammedsaeed/anaconda3/envs/KB/lib/python3.11/site-packages/httpx/_client.py", line 954, in _send_handling_auth
    response = self._send_handling_redirects(
               ^^^^^^^^^^^^^^^^^^^^^^^^^^^^^^
  File "/Users/muhammedsaeed/anaconda3/envs/KB/lib/python3.11/site-packages/httpx/_client.py", line 991, in _send_handling_redirects
    response = self._send_single_request(request)
               ^^^^^^^^^^^^^^^^^^^^^^^^^^^^^^^^^^
  File "/Users/muhammedsaeed/anaconda3/envs/KB/lib/python3.11/site-packages/httpx/_client.py", line 1027, in _send_single_request
    response = transport.handle_request(request)
               ^^^^^^^^^^^^^^^^^^^^^^^^^^^^^^^^^
  File "/Users/muhammedsaeed/anaconda3/envs/KB/lib/python3.11/site-packages/httpx/_transports/default.py", line 235, in handle_request
    with map_httpcore_exceptions():
  File "/Users/muhammedsaeed/anaconda3/envs/KB/lib/python3.11/contextlib.py", line 158, in __exit__
    self.gen.throw(typ, value, traceback)
  File "/Users/muhammedsaeed/anaconda3/envs/KB/lib/python3.11/site-packages/httpx/_transports/default.py", line 89, in map_httpcore_exceptions
    raise mapped_exc(message) from exc
httpx.ConnectError: [Errno 61] Connection refused

The above exception was the direct cause of the following exception:

Traceback (most recent call last):
  File "/Users/muhammedsaeed/Downloads/TU Dresden/LLMpedia/llmpedia_runner.py", line 1934, in _generate_article
    ner_resp = ner_llm(ner_messages)
               ^^^^^^^^^^^^^^^^^^^^^
  File "/Users/muhammedsaeed/Downloads/TU Dresden/LLMpedia/llm/openai_client.py", line 170, in __call__
    return self._call_chat(messages, json_schema)
           ^^^^^^^^^^^^^^^^^^^^^^^^^^^^^^^^^^^^^^
  File "/Users/muhammedsaeed/Downloads/TU Dresden/LLMpedia/llm/openai_client.py", line 201, in _call_chat
    resp = self.client.chat.completions.create(**kwargs)
           ^^^^^^^^^^^^^^^^^^^^^^^^^^^^^^^^^^^^^^^^^^^^^
  File "/Users/muhammedsaeed/anaconda3/envs/KB/lib/python3.11/site-packages/openai/_utils/_utils.py", line 286, in wrapper
    return func(*args, **kwargs)
           ^^^^^^^^^^^^^^^^^^^^^
  File "/Users/muhammedsaeed/anaconda3/envs/KB/lib/python3.11/site-packages/openai/resources/chat/completions/completions.py", line 1156, in create
    return self._post(
           ^^^^^^^^^^^
  File "/Users/muhammedsaeed/anaconda3/envs/KB/lib/python3.11/site-packages/openai/_base_client.py", line 1259, in post
    return cast(ResponseT, self.request(cast_to, opts, stream=stream, stream_cls=stream_cls))
                           ^^^^^^^^^^^^^^^^^^^^^^^^^^^^^^^^^^^^^^^^^^^^^^^^^^^^^^^^^^^^^^^^^
  File "/Users/muhammedsaeed/anaconda3/envs/KB/lib/python3.11/site-packages/openai/_base_client.py", line 1014, in request
    raise APIConnectionError(request=request) from err
openai.APIConnectionError: Connection error.

[2025-11-15T03:07:50.022534] subject=Emmy Awards
Traceback (most recent call last):
  File "/Users/muhammedsaeed/anaconda3/envs/KB/lib/python3.11/site-packages/httpx/_transports/default.py", line 72, in map_httpcore_exceptions
    yield
  File "/Users/muhammedsaeed/anaconda3/envs/KB/lib/python3.11/site-packages/httpx/_transports/default.py", line 236, in handle_request
    resp = self._pool.handle_request(req)
           ^^^^^^^^^^^^^^^^^^^^^^^^^^^^^^
  File "/Users/muhammedsaeed/anaconda3/envs/KB/lib/python3.11/site-packages/httpcore/_sync/connection_pool.py", line 256, in handle_request
    raise exc from None
  File "/Users/muhammedsaeed/anaconda3/envs/KB/lib/python3.11/site-packages/httpcore/_sync/connection_pool.py", line 236, in handle_request
    response = connection.handle_request(
               ^^^^^^^^^^^^^^^^^^^^^^^^^^
  File "/Users/muhammedsaeed/anaconda3/envs/KB/lib/python3.11/site-packages/httpcore/_sync/connection.py", line 101, in handle_request
    raise exc
  File "/Users/muhammedsaeed/anaconda3/envs/KB/lib/python3.11/site-packages/httpcore/_sync/connection.py", line 78, in handle_request
    stream = self._connect(request)
             ^^^^^^^^^^^^^^^^^^^^^^
  File "/Users/muhammedsaeed/anaconda3/envs/KB/lib/python3.11/site-packages/httpcore/_sync/connection.py", line 124, in _connect
    stream = self._network_backend.connect_tcp(**kwargs)
             ^^^^^^^^^^^^^^^^^^^^^^^^^^^^^^^^^^^^^^^^^^^
  File "/Users/muhammedsaeed/anaconda3/envs/KB/lib/python3.11/site-packages/httpcore/_backends/sync.py", line 207, in connect_tcp
    with map_exceptions(exc_map):
  File "/Users/muhammedsaeed/anaconda3/envs/KB/lib/python3.11/contextlib.py", line 158, in __exit__
    self.gen.throw(typ, value, traceback)
  File "/Users/muhammedsaeed/anaconda3/envs/KB/lib/python3.11/site-packages/httpcore/_exceptions.py", line 14, in map_exceptions
    raise to_exc(exc) from exc
httpcore.ConnectError: [Errno 61] Connection refused

The above exception was the direct cause of the following exception:

Traceback (most recent call last):
  File "/Users/muhammedsaeed/anaconda3/envs/KB/lib/python3.11/site-packages/openai/_base_client.py", line 982, in request
    response = self._client.send(
               ^^^^^^^^^^^^^^^^^^
  File "/Users/muhammedsaeed/anaconda3/envs/KB/lib/python3.11/site-packages/httpx/_client.py", line 926, in send
    response = self._send_handling_auth(
               ^^^^^^^^^^^^^^^^^^^^^^^^^
  File "/Users/muhammedsaeed/anaconda3/envs/KB/lib/python3.11/site-packages/httpx/_client.py", line 954, in _send_handling_auth
    response = self._send_handling_redirects(
               ^^^^^^^^^^^^^^^^^^^^^^^^^^^^^^
  File "/Users/muhammedsaeed/anaconda3/envs/KB/lib/python3.11/site-packages/httpx/_client.py", line 991, in _send_handling_redirects
    response = self._send_single_request(request)
               ^^^^^^^^^^^^^^^^^^^^^^^^^^^^^^^^^^
  File "/Users/muhammedsaeed/anaconda3/envs/KB/lib/python3.11/site-packages/httpx/_client.py", line 1027, in _send_single_request
    response = transport.handle_request(request)
               ^^^^^^^^^^^^^^^^^^^^^^^^^^^^^^^^^
  File "/Users/muhammedsaeed/anaconda3/envs/KB/lib/python3.11/site-packages/httpx/_transports/default.py", line 235, in handle_request
    with map_httpcore_exceptions():
  File "/Users/muhammedsaeed/anaconda3/envs/KB/lib/python3.11/contextlib.py", line 158, in __exit__
    self.gen.throw(typ, value, traceback)
  File "/Users/muhammedsaeed/anaconda3/envs/KB/lib/python3.11/site-packages/httpx/_transports/default.py", line 89, in map_httpcore_exceptions
    raise mapped_exc(message) from exc
httpx.ConnectError: [Errno 61] Connection refused

The above exception was the direct cause of the following exception:

Traceback (most recent call last):
  File "/Users/muhammedsaeed/Downloads/TU Dresden/LLMpedia/llmpedia_runner.py", line 1934, in _generate_article
    ner_resp = ner_llm(ner_messages)
               ^^^^^^^^^^^^^^^^^^^^^
  File "/Users/muhammedsaeed/Downloads/TU Dresden/LLMpedia/llm/openai_client.py", line 170, in __call__
    return self._call_chat(messages, json_schema)
           ^^^^^^^^^^^^^^^^^^^^^^^^^^^^^^^^^^^^^^
  File "/Users/muhammedsaeed/Downloads/TU Dresden/LLMpedia/llm/openai_client.py", line 201, in _call_chat
    resp = self.client.chat.completions.create(**kwargs)
           ^^^^^^^^^^^^^^^^^^^^^^^^^^^^^^^^^^^^^^^^^^^^^
  File "/Users/muhammedsaeed/anaconda3/envs/KB/lib/python3.11/site-packages/openai/_utils/_utils.py", line 286, in wrapper
    return func(*args, **kwargs)
           ^^^^^^^^^^^^^^^^^^^^^
  File "/Users/muhammedsaeed/anaconda3/envs/KB/lib/python3.11/site-packages/openai/resources/chat/completions/completions.py", line 1156, in create
    return self._post(
           ^^^^^^^^^^^
  File "/Users/muhammedsaeed/anaconda3/envs/KB/lib/python3.11/site-packages/openai/_base_client.py", line 1259, in post
    return cast(ResponseT, self.request(cast_to, opts, stream=stream, stream_cls=stream_cls))
                           ^^^^^^^^^^^^^^^^^^^^^^^^^^^^^^^^^^^^^^^^^^^^^^^^^^^^^^^^^^^^^^^^^
  File "/Users/muhammedsaeed/anaconda3/envs/KB/lib/python3.11/site-packages/openai/_base_client.py", line 1014, in request
    raise APIConnectionError(request=request) from err
openai.APIConnectionError: Connection error.

[2025-11-15T03:07:50.381250] subject=Television series by Warner Bros. Television
Traceback (most recent call last):
  File "/Users/muhammedsaeed/anaconda3/envs/KB/lib/python3.11/site-packages/httpx/_transports/default.py", line 72, in map_httpcore_exceptions
    yield
  File "/Users/muhammedsaeed/anaconda3/envs/KB/lib/python3.11/site-packages/httpx/_transports/default.py", line 236, in handle_request
    resp = self._pool.handle_request(req)
           ^^^^^^^^^^^^^^^^^^^^^^^^^^^^^^
  File "/Users/muhammedsaeed/anaconda3/envs/KB/lib/python3.11/site-packages/httpcore/_sync/connection_pool.py", line 256, in handle_request
    raise exc from None
  File "/Users/muhammedsaeed/anaconda3/envs/KB/lib/python3.11/site-packages/httpcore/_sync/connection_pool.py", line 236, in handle_request
    response = connection.handle_request(
               ^^^^^^^^^^^^^^^^^^^^^^^^^^
  File "/Users/muhammedsaeed/anaconda3/envs/KB/lib/python3.11/site-packages/httpcore/_sync/connection.py", line 101, in handle_request
    raise exc
  File "/Users/muhammedsaeed/anaconda3/envs/KB/lib/python3.11/site-packages/httpcore/_sync/connection.py", line 78, in handle_request
    stream = self._connect(request)
             ^^^^^^^^^^^^^^^^^^^^^^
  File "/Users/muhammedsaeed/anaconda3/envs/KB/lib/python3.11/site-packages/httpcore/_sync/connection.py", line 124, in _connect
    stream = self._network_backend.connect_tcp(**kwargs)
             ^^^^^^^^^^^^^^^^^^^^^^^^^^^^^^^^^^^^^^^^^^^
  File "/Users/muhammedsaeed/anaconda3/envs/KB/lib/python3.11/site-packages/httpcore/_backends/sync.py", line 207, in connect_tcp
    with map_exceptions(exc_map):
  File "/Users/muhammedsaeed/anaconda3/envs/KB/lib/python3.11/contextlib.py", line 158, in __exit__
    self.gen.throw(typ, value, traceback)
  File "/Users/muhammedsaeed/anaconda3/envs/KB/lib/python3.11/site-packages/httpcore/_exceptions.py", line 14, in map_exceptions
    raise to_exc(exc) from exc
httpcore.ConnectError: [Errno 61] Connection refused

The above exception was the direct cause of the following exception:

Traceback (most recent call last):
  File "/Users/muhammedsaeed/anaconda3/envs/KB/lib/python3.11/site-packages/openai/_base_client.py", line 982, in request
    response = self._client.send(
               ^^^^^^^^^^^^^^^^^^
  File "/Users/muhammedsaeed/anaconda3/envs/KB/lib/python3.11/site-packages/httpx/_client.py", line 926, in send
    response = self._send_handling_auth(
               ^^^^^^^^^^^^^^^^^^^^^^^^^
  File "/Users/muhammedsaeed/anaconda3/envs/KB/lib/python3.11/site-packages/httpx/_client.py", line 954, in _send_handling_auth
    response = self._send_handling_redirects(
               ^^^^^^^^^^^^^^^^^^^^^^^^^^^^^^
  File "/Users/muhammedsaeed/anaconda3/envs/KB/lib/python3.11/site-packages/httpx/_client.py", line 991, in _send_handling_redirects
    response = self._send_single_request(request)
               ^^^^^^^^^^^^^^^^^^^^^^^^^^^^^^^^^^
  File "/Users/muhammedsaeed/anaconda3/envs/KB/lib/python3.11/site-packages/httpx/_client.py", line 1027, in _send_single_request
    response = transport.handle_request(request)
               ^^^^^^^^^^^^^^^^^^^^^^^^^^^^^^^^^
  File "/Users/muhammedsaeed/anaconda3/envs/KB/lib/python3.11/site-packages/httpx/_transports/default.py", line 235, in handle_request
    with map_httpcore_exceptions():
  File "/Users/muhammedsaeed/anaconda3/envs/KB/lib/python3.11/contextlib.py", line 158, in __exit__
    self.gen.throw(typ, value, traceback)
  File "/Users/muhammedsaeed/anaconda3/envs/KB/lib/python3.11/site-packages/httpx/_transports/default.py", line 89, in map_httpcore_exceptions
    raise mapped_exc(message) from exc
httpx.ConnectError: [Errno 61] Connection refused

The above exception was the direct cause of the following exception:

Traceback (most recent call last):
  File "/Users/muhammedsaeed/Downloads/TU Dresden/LLMpedia/llmpedia_runner.py", line 1934, in _generate_article
    ner_resp = ner_llm(ner_messages)
               ^^^^^^^^^^^^^^^^^^^^^
  File "/Users/muhammedsaeed/Downloads/TU Dresden/LLMpedia/llm/openai_client.py", line 170, in __call__
    return self._call_chat(messages, json_schema)
           ^^^^^^^^^^^^^^^^^^^^^^^^^^^^^^^^^^^^^^
  File "/Users/muhammedsaeed/Downloads/TU Dresden/LLMpedia/llm/openai_client.py", line 201, in _call_chat
    resp = self.client.chat.completions.create(**kwargs)
           ^^^^^^^^^^^^^^^^^^^^^^^^^^^^^^^^^^^^^^^^^^^^^
  File "/Users/muhammedsaeed/anaconda3/envs/KB/lib/python3.11/site-packages/openai/_utils/_utils.py", line 286, in wrapper
    return func(*args, **kwargs)
           ^^^^^^^^^^^^^^^^^^^^^
  File "/Users/muhammedsaeed/anaconda3/envs/KB/lib/python3.11/site-packages/openai/resources/chat/completions/completions.py", line 1156, in create
    return self._post(
           ^^^^^^^^^^^
  File "/Users/muhammedsaeed/anaconda3/envs/KB/lib/python3.11/site-packages/openai/_base_client.py", line 1259, in post
    return cast(ResponseT, self.request(cast_to, opts, stream=stream, stream_cls=stream_cls))
                           ^^^^^^^^^^^^^^^^^^^^^^^^^^^^^^^^^^^^^^^^^^^^^^^^^^^^^^^^^^^^^^^^^
  File "/Users/muhammedsaeed/anaconda3/envs/KB/lib/python3.11/site-packages/openai/_base_client.py", line 1014, in request
    raise APIConnectionError(request=request) from err
openai.APIConnectionError: Connection error.

[2025-11-15T03:07:56.985141] subject=Parks and Recreation
Traceback (most recent call last):
  File "/Users/muhammedsaeed/anaconda3/envs/KB/lib/python3.11/site-packages/httpx/_transports/default.py", line 72, in map_httpcore_exceptions
    yield
  File "/Users/muhammedsaeed/anaconda3/envs/KB/lib/python3.11/site-packages/httpx/_transports/default.py", line 236, in handle_request
    resp = self._pool.handle_request(req)
           ^^^^^^^^^^^^^^^^^^^^^^^^^^^^^^
  File "/Users/muhammedsaeed/anaconda3/envs/KB/lib/python3.11/site-packages/httpcore/_sync/connection_pool.py", line 256, in handle_request
    raise exc from None
  File "/Users/muhammedsaeed/anaconda3/envs/KB/lib/python3.11/site-packages/httpcore/_sync/connection_pool.py", line 236, in handle_request
    response = connection.handle_request(
               ^^^^^^^^^^^^^^^^^^^^^^^^^^
  File "/Users/muhammedsaeed/anaconda3/envs/KB/lib/python3.11/site-packages/httpcore/_sync/connection.py", line 101, in handle_request
    raise exc
  File "/Users/muhammedsaeed/anaconda3/envs/KB/lib/python3.11/site-packages/httpcore/_sync/connection.py", line 78, in handle_request
    stream = self._connect(request)
             ^^^^^^^^^^^^^^^^^^^^^^
  File "/Users/muhammedsaeed/anaconda3/envs/KB/lib/python3.11/site-packages/httpcore/_sync/connection.py", line 124, in _connect
    stream = self._network_backend.connect_tcp(**kwargs)
             ^^^^^^^^^^^^^^^^^^^^^^^^^^^^^^^^^^^^^^^^^^^
  File "/Users/muhammedsaeed/anaconda3/envs/KB/lib/python3.11/site-packages/httpcore/_backends/sync.py", line 207, in connect_tcp
    with map_exceptions(exc_map):
  File "/Users/muhammedsaeed/anaconda3/envs/KB/lib/python3.11/contextlib.py", line 158, in __exit__
    self.gen.throw(typ, value, traceback)
  File "/Users/muhammedsaeed/anaconda3/envs/KB/lib/python3.11/site-packages/httpcore/_exceptions.py", line 14, in map_exceptions
    raise to_exc(exc) from exc
httpcore.ConnectError: [Errno 61] Connection refused

The above exception was the direct cause of the following exception:

Traceback (most recent call last):
  File "/Users/muhammedsaeed/anaconda3/envs/KB/lib/python3.11/site-packages/openai/_base_client.py", line 982, in request
    response = self._client.send(
               ^^^^^^^^^^^^^^^^^^
  File "/Users/muhammedsaeed/anaconda3/envs/KB/lib/python3.11/site-packages/httpx/_client.py", line 926, in send
    response = self._send_handling_auth(
               ^^^^^^^^^^^^^^^^^^^^^^^^^
  File "/Users/muhammedsaeed/anaconda3/envs/KB/lib/python3.11/site-packages/httpx/_client.py", line 954, in _send_handling_auth
    response = self._send_handling_redirects(
               ^^^^^^^^^^^^^^^^^^^^^^^^^^^^^^
  File "/Users/muhammedsaeed/anaconda3/envs/KB/lib/python3.11/site-packages/httpx/_client.py", line 991, in _send_handling_redirects
    response = self._send_single_request(request)
               ^^^^^^^^^^^^^^^^^^^^^^^^^^^^^^^^^^
  File "/Users/muhammedsaeed/anaconda3/envs/KB/lib/python3.11/site-packages/httpx/_client.py", line 1027, in _send_single_request
    response = transport.handle_request(request)
               ^^^^^^^^^^^^^^^^^^^^^^^^^^^^^^^^^
  File "/Users/muhammedsaeed/anaconda3/envs/KB/lib/python3.11/site-packages/httpx/_transports/default.py", line 235, in handle_request
    with map_httpcore_exceptions():
  File "/Users/muhammedsaeed/anaconda3/envs/KB/lib/python3.11/contextlib.py", line 158, in __exit__
    self.gen.throw(typ, value, traceback)
  File "/Users/muhammedsaeed/anaconda3/envs/KB/lib/python3.11/site-packages/httpx/_transports/default.py", line 89, in map_httpcore_exceptions
    raise mapped_exc(message) from exc
httpx.ConnectError: [Errno 61] Connection refused

The above exception was the direct cause of the following exception:

Traceback (most recent call last):
  File "/Users/muhammedsaeed/Downloads/TU Dresden/LLMpedia/llmpedia_runner.py", line 1832, in _generate_article
    resp = el_llm(messages)
           ^^^^^^^^^^^^^^^^
  File "/Users/muhammedsaeed/Downloads/TU Dresden/LLMpedia/llm/openai_client.py", line 170, in __call__
    return self._call_chat(messages, json_schema)
           ^^^^^^^^^^^^^^^^^^^^^^^^^^^^^^^^^^^^^^
  File "/Users/muhammedsaeed/Downloads/TU Dresden/LLMpedia/llm/openai_client.py", line 201, in _call_chat
    resp = self.client.chat.completions.create(**kwargs)
           ^^^^^^^^^^^^^^^^^^^^^^^^^^^^^^^^^^^^^^^^^^^^^
  File "/Users/muhammedsaeed/anaconda3/envs/KB/lib/python3.11/site-packages/openai/_utils/_utils.py", line 286, in wrapper
    return func(*args, **kwargs)
           ^^^^^^^^^^^^^^^^^^^^^
  File "/Users/muhammedsaeed/anaconda3/envs/KB/lib/python3.11/site-packages/openai/resources/chat/completions/completions.py", line 1156, in create
    return self._post(
           ^^^^^^^^^^^
  File "/Users/muhammedsaeed/anaconda3/envs/KB/lib/python3.11/site-packages/openai/_base_client.py", line 1259, in post
    return cast(ResponseT, self.request(cast_to, opts, stream=stream, stream_cls=stream_cls))
                           ^^^^^^^^^^^^^^^^^^^^^^^^^^^^^^^^^^^^^^^^^^^^^^^^^^^^^^^^^^^^^^^^^
  File "/Users/muhammedsaeed/anaconda3/envs/KB/lib/python3.11/site-packages/openai/_base_client.py", line 1014, in request
    raise APIConnectionError(request=request) from err
openai.APIConnectionError: Connection error.

[2025-11-15T03:07:56.986337] subject=Modern Family
Traceback (most recent call last):
  File "/Users/muhammedsaeed/anaconda3/envs/KB/lib/python3.11/site-packages/httpx/_transports/default.py", line 72, in map_httpcore_exceptions
    yield
  File "/Users/muhammedsaeed/anaconda3/envs/KB/lib/python3.11/site-packages/httpx/_transports/default.py", line 236, in handle_request
    resp = self._pool.handle_request(req)
           ^^^^^^^^^^^^^^^^^^^^^^^^^^^^^^
  File "/Users/muhammedsaeed/anaconda3/envs/KB/lib/python3.11/site-packages/httpcore/_sync/connection_pool.py", line 256, in handle_request
    raise exc from None
  File "/Users/muhammedsaeed/anaconda3/envs/KB/lib/python3.11/site-packages/httpcore/_sync/connection_pool.py", line 236, in handle_request
    response = connection.handle_request(
               ^^^^^^^^^^^^^^^^^^^^^^^^^^
  File "/Users/muhammedsaeed/anaconda3/envs/KB/lib/python3.11/site-packages/httpcore/_sync/connection.py", line 101, in handle_request
    raise exc
  File "/Users/muhammedsaeed/anaconda3/envs/KB/lib/python3.11/site-packages/httpcore/_sync/connection.py", line 78, in handle_request
    stream = self._connect(request)
             ^^^^^^^^^^^^^^^^^^^^^^
  File "/Users/muhammedsaeed/anaconda3/envs/KB/lib/python3.11/site-packages/httpcore/_sync/connection.py", line 124, in _connect
    stream = self._network_backend.connect_tcp(**kwargs)
             ^^^^^^^^^^^^^^^^^^^^^^^^^^^^^^^^^^^^^^^^^^^
  File "/Users/muhammedsaeed/anaconda3/envs/KB/lib/python3.11/site-packages/httpcore/_backends/sync.py", line 207, in connect_tcp
    with map_exceptions(exc_map):
  File "/Users/muhammedsaeed/anaconda3/envs/KB/lib/python3.11/contextlib.py", line 158, in __exit__
    self.gen.throw(typ, value, traceback)
  File "/Users/muhammedsaeed/anaconda3/envs/KB/lib/python3.11/site-packages/httpcore/_exceptions.py", line 14, in map_exceptions
    raise to_exc(exc) from exc
httpcore.ConnectError: [Errno 61] Connection refused

The above exception was the direct cause of the following exception:

Traceback (most recent call last):
  File "/Users/muhammedsaeed/anaconda3/envs/KB/lib/python3.11/site-packages/openai/_base_client.py", line 982, in request
    response = self._client.send(
               ^^^^^^^^^^^^^^^^^^
  File "/Users/muhammedsaeed/anaconda3/envs/KB/lib/python3.11/site-packages/httpx/_client.py", line 926, in send
    response = self._send_handling_auth(
               ^^^^^^^^^^^^^^^^^^^^^^^^^
  File "/Users/muhammedsaeed/anaconda3/envs/KB/lib/python3.11/site-packages/httpx/_client.py", line 954, in _send_handling_auth
    response = self._send_handling_redirects(
               ^^^^^^^^^^^^^^^^^^^^^^^^^^^^^^
  File "/Users/muhammedsaeed/anaconda3/envs/KB/lib/python3.11/site-packages/httpx/_client.py", line 991, in _send_handling_redirects
    response = self._send_single_request(request)
               ^^^^^^^^^^^^^^^^^^^^^^^^^^^^^^^^^^
  File "/Users/muhammedsaeed/anaconda3/envs/KB/lib/python3.11/site-packages/httpx/_client.py", line 1027, in _send_single_request
    response = transport.handle_request(request)
               ^^^^^^^^^^^^^^^^^^^^^^^^^^^^^^^^^
  File "/Users/muhammedsaeed/anaconda3/envs/KB/lib/python3.11/site-packages/httpx/_transports/default.py", line 235, in handle_request
    with map_httpcore_exceptions():
  File "/Users/muhammedsaeed/anaconda3/envs/KB/lib/python3.11/contextlib.py", line 158, in __exit__
    self.gen.throw(typ, value, traceback)
  File "/Users/muhammedsaeed/anaconda3/envs/KB/lib/python3.11/site-packages/httpx/_transports/default.py", line 89, in map_httpcore_exceptions
    raise mapped_exc(message) from exc
httpx.ConnectError: [Errno 61] Connection refused

The above exception was the direct cause of the following exception:

Traceback (most recent call last):
  File "/Users/muhammedsaeed/Downloads/TU Dresden/LLMpedia/llmpedia_runner.py", line 1832, in _generate_article
    resp = el_llm(messages)
           ^^^^^^^^^^^^^^^^
  File "/Users/muhammedsaeed/Downloads/TU Dresden/LLMpedia/llm/openai_client.py", line 170, in __call__
    return self._call_chat(messages, json_schema)
           ^^^^^^^^^^^^^^^^^^^^^^^^^^^^^^^^^^^^^^
  File "/Users/muhammedsaeed/Downloads/TU Dresden/LLMpedia/llm/openai_client.py", line 201, in _call_chat
    resp = self.client.chat.completions.create(**kwargs)
           ^^^^^^^^^^^^^^^^^^^^^^^^^^^^^^^^^^^^^^^^^^^^^
  File "/Users/muhammedsaeed/anaconda3/envs/KB/lib/python3.11/site-packages/openai/_utils/_utils.py", line 286, in wrapper
    return func(*args, **kwargs)
           ^^^^^^^^^^^^^^^^^^^^^
  File "/Users/muhammedsaeed/anaconda3/envs/KB/lib/python3.11/site-packages/openai/resources/chat/completions/completions.py", line 1156, in create
    return self._post(
           ^^^^^^^^^^^
  File "/Users/muhammedsaeed/anaconda3/envs/KB/lib/python3.11/site-packages/openai/_base_client.py", line 1259, in post
    return cast(ResponseT, self.request(cast_to, opts, stream=stream, stream_cls=stream_cls))
                           ^^^^^^^^^^^^^^^^^^^^^^^^^^^^^^^^^^^^^^^^^^^^^^^^^^^^^^^^^^^^^^^^^
  File "/Users/muhammedsaeed/anaconda3/envs/KB/lib/python3.11/site-packages/openai/_base_client.py", line 1014, in request
    raise APIConnectionError(request=request) from err
openai.APIConnectionError: Connection error.

[2025-11-15T03:07:57.090884] subject=Mrs. Wolowitz
Traceback (most recent call last):
  File "/Users/muhammedsaeed/anaconda3/envs/KB/lib/python3.11/site-packages/httpx/_transports/default.py", line 72, in map_httpcore_exceptions
    yield
  File "/Users/muhammedsaeed/anaconda3/envs/KB/lib/python3.11/site-packages/httpx/_transports/default.py", line 236, in handle_request
    resp = self._pool.handle_request(req)
           ^^^^^^^^^^^^^^^^^^^^^^^^^^^^^^
  File "/Users/muhammedsaeed/anaconda3/envs/KB/lib/python3.11/site-packages/httpcore/_sync/connection_pool.py", line 256, in handle_request
    raise exc from None
  File "/Users/muhammedsaeed/anaconda3/envs/KB/lib/python3.11/site-packages/httpcore/_sync/connection_pool.py", line 236, in handle_request
    response = connection.handle_request(
               ^^^^^^^^^^^^^^^^^^^^^^^^^^
  File "/Users/muhammedsaeed/anaconda3/envs/KB/lib/python3.11/site-packages/httpcore/_sync/connection.py", line 101, in handle_request
    raise exc
  File "/Users/muhammedsaeed/anaconda3/envs/KB/lib/python3.11/site-packages/httpcore/_sync/connection.py", line 78, in handle_request
    stream = self._connect(request)
             ^^^^^^^^^^^^^^^^^^^^^^
  File "/Users/muhammedsaeed/anaconda3/envs/KB/lib/python3.11/site-packages/httpcore/_sync/connection.py", line 124, in _connect
    stream = self._network_backend.connect_tcp(**kwargs)
             ^^^^^^^^^^^^^^^^^^^^^^^^^^^^^^^^^^^^^^^^^^^
  File "/Users/muhammedsaeed/anaconda3/envs/KB/lib/python3.11/site-packages/httpcore/_backends/sync.py", line 207, in connect_tcp
    with map_exceptions(exc_map):
  File "/Users/muhammedsaeed/anaconda3/envs/KB/lib/python3.11/contextlib.py", line 158, in __exit__
    self.gen.throw(typ, value, traceback)
  File "/Users/muhammedsaeed/anaconda3/envs/KB/lib/python3.11/site-packages/httpcore/_exceptions.py", line 14, in map_exceptions
    raise to_exc(exc) from exc
httpcore.ConnectError: [Errno 61] Connection refused

The above exception was the direct cause of the following exception:

Traceback (most recent call last):
  File "/Users/muhammedsaeed/anaconda3/envs/KB/lib/python3.11/site-packages/openai/_base_client.py", line 982, in request
    response = self._client.send(
               ^^^^^^^^^^^^^^^^^^
  File "/Users/muhammedsaeed/anaconda3/envs/KB/lib/python3.11/site-packages/httpx/_client.py", line 926, in send
    response = self._send_handling_auth(
               ^^^^^^^^^^^^^^^^^^^^^^^^^
  File "/Users/muhammedsaeed/anaconda3/envs/KB/lib/python3.11/site-packages/httpx/_client.py", line 954, in _send_handling_auth
    response = self._send_handling_redirects(
               ^^^^^^^^^^^^^^^^^^^^^^^^^^^^^^
  File "/Users/muhammedsaeed/anaconda3/envs/KB/lib/python3.11/site-packages/httpx/_client.py", line 991, in _send_handling_redirects
    response = self._send_single_request(request)
               ^^^^^^^^^^^^^^^^^^^^^^^^^^^^^^^^^^
  File "/Users/muhammedsaeed/anaconda3/envs/KB/lib/python3.11/site-packages/httpx/_client.py", line 1027, in _send_single_request
    response = transport.handle_request(request)
               ^^^^^^^^^^^^^^^^^^^^^^^^^^^^^^^^^
  File "/Users/muhammedsaeed/anaconda3/envs/KB/lib/python3.11/site-packages/httpx/_transports/default.py", line 235, in handle_request
    with map_httpcore_exceptions():
  File "/Users/muhammedsaeed/anaconda3/envs/KB/lib/python3.11/contextlib.py", line 158, in __exit__
    self.gen.throw(typ, value, traceback)
  File "/Users/muhammedsaeed/anaconda3/envs/KB/lib/python3.11/site-packages/httpx/_transports/default.py", line 89, in map_httpcore_exceptions
    raise mapped_exc(message) from exc
httpx.ConnectError: [Errno 61] Connection refused

The above exception was the direct cause of the following exception:

Traceback (most recent call last):
  File "/Users/muhammedsaeed/Downloads/TU Dresden/LLMpedia/llmpedia_runner.py", line 1832, in _generate_article
    resp = el_llm(messages)
           ^^^^^^^^^^^^^^^^
  File "/Users/muhammedsaeed/Downloads/TU Dresden/LLMpedia/llm/openai_client.py", line 170, in __call__
    return self._call_chat(messages, json_schema)
           ^^^^^^^^^^^^^^^^^^^^^^^^^^^^^^^^^^^^^^
  File "/Users/muhammedsaeed/Downloads/TU Dresden/LLMpedia/llm/openai_client.py", line 201, in _call_chat
    resp = self.client.chat.completions.create(**kwargs)
           ^^^^^^^^^^^^^^^^^^^^^^^^^^^^^^^^^^^^^^^^^^^^^
  File "/Users/muhammedsaeed/anaconda3/envs/KB/lib/python3.11/site-packages/openai/_utils/_utils.py", line 286, in wrapper
    return func(*args, **kwargs)
           ^^^^^^^^^^^^^^^^^^^^^
  File "/Users/muhammedsaeed/anaconda3/envs/KB/lib/python3.11/site-packages/openai/resources/chat/completions/completions.py", line 1156, in create
    return self._post(
           ^^^^^^^^^^^
  File "/Users/muhammedsaeed/anaconda3/envs/KB/lib/python3.11/site-packages/openai/_base_client.py", line 1259, in post
    return cast(ResponseT, self.request(cast_to, opts, stream=stream, stream_cls=stream_cls))
                           ^^^^^^^^^^^^^^^^^^^^^^^^^^^^^^^^^^^^^^^^^^^^^^^^^^^^^^^^^^^^^^^^^
  File "/Users/muhammedsaeed/anaconda3/envs/KB/lib/python3.11/site-packages/openai/_base_client.py", line 1014, in request
    raise APIConnectionError(request=request) from err
openai.APIConnectionError: Connection error.

[2025-11-15T03:07:57.099868] subject=Arrested Development
Traceback (most recent call last):
  File "/Users/muhammedsaeed/anaconda3/envs/KB/lib/python3.11/site-packages/httpx/_transports/default.py", line 72, in map_httpcore_exceptions
    yield
  File "/Users/muhammedsaeed/anaconda3/envs/KB/lib/python3.11/site-packages/httpx/_transports/default.py", line 236, in handle_request
    resp = self._pool.handle_request(req)
           ^^^^^^^^^^^^^^^^^^^^^^^^^^^^^^
  File "/Users/muhammedsaeed/anaconda3/envs/KB/lib/python3.11/site-packages/httpcore/_sync/connection_pool.py", line 256, in handle_request
    raise exc from None
  File "/Users/muhammedsaeed/anaconda3/envs/KB/lib/python3.11/site-packages/httpcore/_sync/connection_pool.py", line 236, in handle_request
    response = connection.handle_request(
               ^^^^^^^^^^^^^^^^^^^^^^^^^^
  File "/Users/muhammedsaeed/anaconda3/envs/KB/lib/python3.11/site-packages/httpcore/_sync/connection.py", line 101, in handle_request
    raise exc
  File "/Users/muhammedsaeed/anaconda3/envs/KB/lib/python3.11/site-packages/httpcore/_sync/connection.py", line 78, in handle_request
    stream = self._connect(request)
             ^^^^^^^^^^^^^^^^^^^^^^
  File "/Users/muhammedsaeed/anaconda3/envs/KB/lib/python3.11/site-packages/httpcore/_sync/connection.py", line 124, in _connect
    stream = self._network_backend.connect_tcp(**kwargs)
             ^^^^^^^^^^^^^^^^^^^^^^^^^^^^^^^^^^^^^^^^^^^
  File "/Users/muhammedsaeed/anaconda3/envs/KB/lib/python3.11/site-packages/httpcore/_backends/sync.py", line 207, in connect_tcp
    with map_exceptions(exc_map):
  File "/Users/muhammedsaeed/anaconda3/envs/KB/lib/python3.11/contextlib.py", line 158, in __exit__
    self.gen.throw(typ, value, traceback)
  File "/Users/muhammedsaeed/anaconda3/envs/KB/lib/python3.11/site-packages/httpcore/_exceptions.py", line 14, in map_exceptions
    raise to_exc(exc) from exc
httpcore.ConnectError: [Errno 61] Connection refused

The above exception was the direct cause of the following exception:

Traceback (most recent call last):
  File "/Users/muhammedsaeed/anaconda3/envs/KB/lib/python3.11/site-packages/openai/_base_client.py", line 982, in request
    response = self._client.send(
               ^^^^^^^^^^^^^^^^^^
  File "/Users/muhammedsaeed/anaconda3/envs/KB/lib/python3.11/site-packages/httpx/_client.py", line 926, in send
    response = self._send_handling_auth(
               ^^^^^^^^^^^^^^^^^^^^^^^^^
  File "/Users/muhammedsaeed/anaconda3/envs/KB/lib/python3.11/site-packages/httpx/_client.py", line 954, in _send_handling_auth
    response = self._send_handling_redirects(
               ^^^^^^^^^^^^^^^^^^^^^^^^^^^^^^
  File "/Users/muhammedsaeed/anaconda3/envs/KB/lib/python3.11/site-packages/httpx/_client.py", line 991, in _send_handling_redirects
    response = self._send_single_request(request)
               ^^^^^^^^^^^^^^^^^^^^^^^^^^^^^^^^^^
  File "/Users/muhammedsaeed/anaconda3/envs/KB/lib/python3.11/site-packages/httpx/_client.py", line 1027, in _send_single_request
    response = transport.handle_request(request)
               ^^^^^^^^^^^^^^^^^^^^^^^^^^^^^^^^^
  File "/Users/muhammedsaeed/anaconda3/envs/KB/lib/python3.11/site-packages/httpx/_transports/default.py", line 235, in handle_request
    with map_httpcore_exceptions():
  File "/Users/muhammedsaeed/anaconda3/envs/KB/lib/python3.11/contextlib.py", line 158, in __exit__
    self.gen.throw(typ, value, traceback)
  File "/Users/muhammedsaeed/anaconda3/envs/KB/lib/python3.11/site-packages/httpx/_transports/default.py", line 89, in map_httpcore_exceptions
    raise mapped_exc(message) from exc
httpx.ConnectError: [Errno 61] Connection refused

The above exception was the direct cause of the following exception:

Traceback (most recent call last):
  File "/Users/muhammedsaeed/Downloads/TU Dresden/LLMpedia/llmpedia_runner.py", line 1832, in _generate_article
    resp = el_llm(messages)
           ^^^^^^^^^^^^^^^^
  File "/Users/muhammedsaeed/Downloads/TU Dresden/LLMpedia/llm/openai_client.py", line 170, in __call__
    return self._call_chat(messages, json_schema)
           ^^^^^^^^^^^^^^^^^^^^^^^^^^^^^^^^^^^^^^
  File "/Users/muhammedsaeed/Downloads/TU Dresden/LLMpedia/llm/openai_client.py", line 201, in _call_chat
    resp = self.client.chat.completions.create(**kwargs)
           ^^^^^^^^^^^^^^^^^^^^^^^^^^^^^^^^^^^^^^^^^^^^^
  File "/Users/muhammedsaeed/anaconda3/envs/KB/lib/python3.11/site-packages/openai/_utils/_utils.py", line 286, in wrapper
    return func(*args, **kwargs)
           ^^^^^^^^^^^^^^^^^^^^^
  File "/Users/muhammedsaeed/anaconda3/envs/KB/lib/python3.11/site-packages/openai/resources/chat/completions/completions.py", line 1156, in create
    return self._post(
           ^^^^^^^^^^^
  File "/Users/muhammedsaeed/anaconda3/envs/KB/lib/python3.11/site-packages/openai/_base_client.py", line 1259, in post
    return cast(ResponseT, self.request(cast_to, opts, stream=stream, stream_cls=stream_cls))
                           ^^^^^^^^^^^^^^^^^^^^^^^^^^^^^^^^^^^^^^^^^^^^^^^^^^^^^^^^^^^^^^^^^
  File "/Users/muhammedsaeed/anaconda3/envs/KB/lib/python3.11/site-packages/openai/_base_client.py", line 1014, in request
    raise APIConnectionError(request=request) from err
openai.APIConnectionError: Connection error.

[2025-11-15T03:07:57.138103] subject=Television series by Warner Bros. Television
Traceback (most recent call last):
  File "/Users/muhammedsaeed/anaconda3/envs/KB/lib/python3.11/site-packages/httpx/_transports/default.py", line 72, in map_httpcore_exceptions
    yield
  File "/Users/muhammedsaeed/anaconda3/envs/KB/lib/python3.11/site-packages/httpx/_transports/default.py", line 236, in handle_request
    resp = self._pool.handle_request(req)
           ^^^^^^^^^^^^^^^^^^^^^^^^^^^^^^
  File "/Users/muhammedsaeed/anaconda3/envs/KB/lib/python3.11/site-packages/httpcore/_sync/connection_pool.py", line 256, in handle_request
    raise exc from None
  File "/Users/muhammedsaeed/anaconda3/envs/KB/lib/python3.11/site-packages/httpcore/_sync/connection_pool.py", line 236, in handle_request
    response = connection.handle_request(
               ^^^^^^^^^^^^^^^^^^^^^^^^^^
  File "/Users/muhammedsaeed/anaconda3/envs/KB/lib/python3.11/site-packages/httpcore/_sync/connection.py", line 101, in handle_request
    raise exc
  File "/Users/muhammedsaeed/anaconda3/envs/KB/lib/python3.11/site-packages/httpcore/_sync/connection.py", line 78, in handle_request
    stream = self._connect(request)
             ^^^^^^^^^^^^^^^^^^^^^^
  File "/Users/muhammedsaeed/anaconda3/envs/KB/lib/python3.11/site-packages/httpcore/_sync/connection.py", line 124, in _connect
    stream = self._network_backend.connect_tcp(**kwargs)
             ^^^^^^^^^^^^^^^^^^^^^^^^^^^^^^^^^^^^^^^^^^^
  File "/Users/muhammedsaeed/anaconda3/envs/KB/lib/python3.11/site-packages/httpcore/_backends/sync.py", line 207, in connect_tcp
    with map_exceptions(exc_map):
  File "/Users/muhammedsaeed/anaconda3/envs/KB/lib/python3.11/contextlib.py", line 158, in __exit__
    self.gen.throw(typ, value, traceback)
  File "/Users/muhammedsaeed/anaconda3/envs/KB/lib/python3.11/site-packages/httpcore/_exceptions.py", line 14, in map_exceptions
    raise to_exc(exc) from exc
httpcore.ConnectError: [Errno 61] Connection refused

The above exception was the direct cause of the following exception:

Traceback (most recent call last):
  File "/Users/muhammedsaeed/anaconda3/envs/KB/lib/python3.11/site-packages/openai/_base_client.py", line 982, in request
    response = self._client.send(
               ^^^^^^^^^^^^^^^^^^
  File "/Users/muhammedsaeed/anaconda3/envs/KB/lib/python3.11/site-packages/httpx/_client.py", line 926, in send
    response = self._send_handling_auth(
               ^^^^^^^^^^^^^^^^^^^^^^^^^
  File "/Users/muhammedsaeed/anaconda3/envs/KB/lib/python3.11/site-packages/httpx/_client.py", line 954, in _send_handling_auth
    response = self._send_handling_redirects(
               ^^^^^^^^^^^^^^^^^^^^^^^^^^^^^^
  File "/Users/muhammedsaeed/anaconda3/envs/KB/lib/python3.11/site-packages/httpx/_client.py", line 991, in _send_handling_redirects
    response = self._send_single_request(request)
               ^^^^^^^^^^^^^^^^^^^^^^^^^^^^^^^^^^
  File "/Users/muhammedsaeed/anaconda3/envs/KB/lib/python3.11/site-packages/httpx/_client.py", line 1027, in _send_single_request
    response = transport.handle_request(request)
               ^^^^^^^^^^^^^^^^^^^^^^^^^^^^^^^^^
  File "/Users/muhammedsaeed/anaconda3/envs/KB/lib/python3.11/site-packages/httpx/_transports/default.py", line 235, in handle_request
    with map_httpcore_exceptions():
  File "/Users/muhammedsaeed/anaconda3/envs/KB/lib/python3.11/contextlib.py", line 158, in __exit__
    self.gen.throw(typ, value, traceback)
  File "/Users/muhammedsaeed/anaconda3/envs/KB/lib/python3.11/site-packages/httpx/_transports/default.py", line 89, in map_httpcore_exceptions
    raise mapped_exc(message) from exc
httpx.ConnectError: [Errno 61] Connection refused

The above exception was the direct cause of the following exception:

Traceback (most recent call last):
  File "/Users/muhammedsaeed/Downloads/TU Dresden/LLMpedia/llmpedia_runner.py", line 1832, in _generate_article
    resp = el_llm(messages)
           ^^^^^^^^^^^^^^^^
  File "/Users/muhammedsaeed/Downloads/TU Dresden/LLMpedia/llm/openai_client.py", line 170, in __call__
    return self._call_chat(messages, json_schema)
           ^^^^^^^^^^^^^^^^^^^^^^^^^^^^^^^^^^^^^^
  File "/Users/muhammedsaeed/Downloads/TU Dresden/LLMpedia/llm/openai_client.py", line 201, in _call_chat
    resp = self.client.chat.completions.create(**kwargs)
           ^^^^^^^^^^^^^^^^^^^^^^^^^^^^^^^^^^^^^^^^^^^^^
  File "/Users/muhammedsaeed/anaconda3/envs/KB/lib/python3.11/site-packages/openai/_utils/_utils.py", line 286, in wrapper
    return func(*args, **kwargs)
           ^^^^^^^^^^^^^^^^^^^^^
  File "/Users/muhammedsaeed/anaconda3/envs/KB/lib/python3.11/site-packages/openai/resources/chat/completions/completions.py", line 1156, in create
    return self._post(
           ^^^^^^^^^^^
  File "/Users/muhammedsaeed/anaconda3/envs/KB/lib/python3.11/site-packages/openai/_base_client.py", line 1259, in post
    return cast(ResponseT, self.request(cast_to, opts, stream=stream, stream_cls=stream_cls))
                           ^^^^^^^^^^^^^^^^^^^^^^^^^^^^^^^^^^^^^^^^^^^^^^^^^^^^^^^^^^^^^^^^^
  File "/Users/muhammedsaeed/anaconda3/envs/KB/lib/python3.11/site-packages/openai/_base_client.py", line 1014, in request
    raise APIConnectionError(request=request) from err
openai.APIConnectionError: Connection error.

[2025-11-15T03:07:57.149262] subject=Corvette Summer
Traceback (most recent call last):
  File "/Users/muhammedsaeed/anaconda3/envs/KB/lib/python3.11/site-packages/httpx/_transports/default.py", line 72, in map_httpcore_exceptions
    yield
  File "/Users/muhammedsaeed/anaconda3/envs/KB/lib/python3.11/site-packages/httpx/_transports/default.py", line 236, in handle_request
    resp = self._pool.handle_request(req)
           ^^^^^^^^^^^^^^^^^^^^^^^^^^^^^^
  File "/Users/muhammedsaeed/anaconda3/envs/KB/lib/python3.11/site-packages/httpcore/_sync/connection_pool.py", line 256, in handle_request
    raise exc from None
  File "/Users/muhammedsaeed/anaconda3/envs/KB/lib/python3.11/site-packages/httpcore/_sync/connection_pool.py", line 236, in handle_request
    response = connection.handle_request(
               ^^^^^^^^^^^^^^^^^^^^^^^^^^
  File "/Users/muhammedsaeed/anaconda3/envs/KB/lib/python3.11/site-packages/httpcore/_sync/connection.py", line 101, in handle_request
    raise exc
  File "/Users/muhammedsaeed/anaconda3/envs/KB/lib/python3.11/site-packages/httpcore/_sync/connection.py", line 78, in handle_request
    stream = self._connect(request)
             ^^^^^^^^^^^^^^^^^^^^^^
  File "/Users/muhammedsaeed/anaconda3/envs/KB/lib/python3.11/site-packages/httpcore/_sync/connection.py", line 124, in _connect
    stream = self._network_backend.connect_tcp(**kwargs)
             ^^^^^^^^^^^^^^^^^^^^^^^^^^^^^^^^^^^^^^^^^^^
  File "/Users/muhammedsaeed/anaconda3/envs/KB/lib/python3.11/site-packages/httpcore/_backends/sync.py", line 207, in connect_tcp
    with map_exceptions(exc_map):
  File "/Users/muhammedsaeed/anaconda3/envs/KB/lib/python3.11/contextlib.py", line 158, in __exit__
    self.gen.throw(typ, value, traceback)
  File "/Users/muhammedsaeed/anaconda3/envs/KB/lib/python3.11/site-packages/httpcore/_exceptions.py", line 14, in map_exceptions
    raise to_exc(exc) from exc
httpcore.ConnectError: [Errno 61] Connection refused

The above exception was the direct cause of the following exception:

Traceback (most recent call last):
  File "/Users/muhammedsaeed/anaconda3/envs/KB/lib/python3.11/site-packages/openai/_base_client.py", line 982, in request
    response = self._client.send(
               ^^^^^^^^^^^^^^^^^^
  File "/Users/muhammedsaeed/anaconda3/envs/KB/lib/python3.11/site-packages/httpx/_client.py", line 926, in send
    response = self._send_handling_auth(
               ^^^^^^^^^^^^^^^^^^^^^^^^^
  File "/Users/muhammedsaeed/anaconda3/envs/KB/lib/python3.11/site-packages/httpx/_client.py", line 954, in _send_handling_auth
    response = self._send_handling_redirects(
               ^^^^^^^^^^^^^^^^^^^^^^^^^^^^^^
  File "/Users/muhammedsaeed/anaconda3/envs/KB/lib/python3.11/site-packages/httpx/_client.py", line 991, in _send_handling_redirects
    response = self._send_single_request(request)
               ^^^^^^^^^^^^^^^^^^^^^^^^^^^^^^^^^^
  File "/Users/muhammedsaeed/anaconda3/envs/KB/lib/python3.11/site-packages/httpx/_client.py", line 1027, in _send_single_request
    response = transport.handle_request(request)
               ^^^^^^^^^^^^^^^^^^^^^^^^^^^^^^^^^
  File "/Users/muhammedsaeed/anaconda3/envs/KB/lib/python3.11/site-packages/httpx/_transports/default.py", line 235, in handle_request
    with map_httpcore_exceptions():
  File "/Users/muhammedsaeed/anaconda3/envs/KB/lib/python3.11/contextlib.py", line 158, in __exit__
    self.gen.throw(typ, value, traceback)
  File "/Users/muhammedsaeed/anaconda3/envs/KB/lib/python3.11/site-packages/httpx/_transports/default.py", line 89, in map_httpcore_exceptions
    raise mapped_exc(message) from exc
httpx.ConnectError: [Errno 61] Connection refused

The above exception was the direct cause of the following exception:

Traceback (most recent call last):
  File "/Users/muhammedsaeed/Downloads/TU Dresden/LLMpedia/llmpedia_runner.py", line 1832, in _generate_article
    resp = el_llm(messages)
           ^^^^^^^^^^^^^^^^
  File "/Users/muhammedsaeed/Downloads/TU Dresden/LLMpedia/llm/openai_client.py", line 170, in __call__
    return self._call_chat(messages, json_schema)
           ^^^^^^^^^^^^^^^^^^^^^^^^^^^^^^^^^^^^^^
  File "/Users/muhammedsaeed/Downloads/TU Dresden/LLMpedia/llm/openai_client.py", line 201, in _call_chat
    resp = self.client.chat.completions.create(**kwargs)
           ^^^^^^^^^^^^^^^^^^^^^^^^^^^^^^^^^^^^^^^^^^^^^
  File "/Users/muhammedsaeed/anaconda3/envs/KB/lib/python3.11/site-packages/openai/_utils/_utils.py", line 286, in wrapper
    return func(*args, **kwargs)
           ^^^^^^^^^^^^^^^^^^^^^
  File "/Users/muhammedsaeed/anaconda3/envs/KB/lib/python3.11/site-packages/openai/resources/chat/completions/completions.py", line 1156, in create
    return self._post(
           ^^^^^^^^^^^
  File "/Users/muhammedsaeed/anaconda3/envs/KB/lib/python3.11/site-packages/openai/_base_client.py", line 1259, in post
    return cast(ResponseT, self.request(cast_to, opts, stream=stream, stream_cls=stream_cls))
                           ^^^^^^^^^^^^^^^^^^^^^^^^^^^^^^^^^^^^^^^^^^^^^^^^^^^^^^^^^^^^^^^^^
  File "/Users/muhammedsaeed/anaconda3/envs/KB/lib/python3.11/site-packages/openai/_base_client.py", line 1014, in request
    raise APIConnectionError(request=request) from err
openai.APIConnectionError: Connection error.

[2025-11-15T03:07:57.148960] subject=Emmy Awards
Traceback (most recent call last):
  File "/Users/muhammedsaeed/anaconda3/envs/KB/lib/python3.11/site-packages/httpx/_transports/default.py", line 72, in map_httpcore_exceptions
    yield
  File "/Users/muhammedsaeed/anaconda3/envs/KB/lib/python3.11/site-packages/httpx/_transports/default.py", line 236, in handle_request
    resp = self._pool.handle_request(req)
           ^^^^^^^^^^^^^^^^^^^^^^^^^^^^^^
  File "/Users/muhammedsaeed/anaconda3/envs/KB/lib/python3.11/site-packages/httpcore/_sync/connection_pool.py", line 256, in handle_request
    raise exc from None
  File "/Users/muhammedsaeed/anaconda3/envs/KB/lib/python3.11/site-packages/httpcore/_sync/connection_pool.py", line 236, in handle_request
    response = connection.handle_request(
               ^^^^^^^^^^^^^^^^^^^^^^^^^^
  File "/Users/muhammedsaeed/anaconda3/envs/KB/lib/python3.11/site-packages/httpcore/_sync/connection.py", line 101, in handle_request
    raise exc
  File "/Users/muhammedsaeed/anaconda3/envs/KB/lib/python3.11/site-packages/httpcore/_sync/connection.py", line 78, in handle_request
    stream = self._connect(request)
             ^^^^^^^^^^^^^^^^^^^^^^
  File "/Users/muhammedsaeed/anaconda3/envs/KB/lib/python3.11/site-packages/httpcore/_sync/connection.py", line 124, in _connect
    stream = self._network_backend.connect_tcp(**kwargs)
             ^^^^^^^^^^^^^^^^^^^^^^^^^^^^^^^^^^^^^^^^^^^
  File "/Users/muhammedsaeed/anaconda3/envs/KB/lib/python3.11/site-packages/httpcore/_backends/sync.py", line 207, in connect_tcp
    with map_exceptions(exc_map):
  File "/Users/muhammedsaeed/anaconda3/envs/KB/lib/python3.11/contextlib.py", line 158, in __exit__
    self.gen.throw(typ, value, traceback)
  File "/Users/muhammedsaeed/anaconda3/envs/KB/lib/python3.11/site-packages/httpcore/_exceptions.py", line 14, in map_exceptions
    raise to_exc(exc) from exc
httpcore.ConnectError: [Errno 61] Connection refused

The above exception was the direct cause of the following exception:

Traceback (most recent call last):
  File "/Users/muhammedsaeed/anaconda3/envs/KB/lib/python3.11/site-packages/openai/_base_client.py", line 982, in request
    response = self._client.send(
               ^^^^^^^^^^^^^^^^^^
  File "/Users/muhammedsaeed/anaconda3/envs/KB/lib/python3.11/site-packages/httpx/_client.py", line 926, in send
    response = self._send_handling_auth(
               ^^^^^^^^^^^^^^^^^^^^^^^^^
  File "/Users/muhammedsaeed/anaconda3/envs/KB/lib/python3.11/site-packages/httpx/_client.py", line 954, in _send_handling_auth
    response = self._send_handling_redirects(
               ^^^^^^^^^^^^^^^^^^^^^^^^^^^^^^
  File "/Users/muhammedsaeed/anaconda3/envs/KB/lib/python3.11/site-packages/httpx/_client.py", line 991, in _send_handling_redirects
    response = self._send_single_request(request)
               ^^^^^^^^^^^^^^^^^^^^^^^^^^^^^^^^^^
  File "/Users/muhammedsaeed/anaconda3/envs/KB/lib/python3.11/site-packages/httpx/_client.py", line 1027, in _send_single_request
    response = transport.handle_request(request)
               ^^^^^^^^^^^^^^^^^^^^^^^^^^^^^^^^^
  File "/Users/muhammedsaeed/anaconda3/envs/KB/lib/python3.11/site-packages/httpx/_transports/default.py", line 235, in handle_request
    with map_httpcore_exceptions():
  File "/Users/muhammedsaeed/anaconda3/envs/KB/lib/python3.11/contextlib.py", line 158, in __exit__
    self.gen.throw(typ, value, traceback)
  File "/Users/muhammedsaeed/anaconda3/envs/KB/lib/python3.11/site-packages/httpx/_transports/default.py", line 89, in map_httpcore_exceptions
    raise mapped_exc(message) from exc
httpx.ConnectError: [Errno 61] Connection refused

The above exception was the direct cause of the following exception:

Traceback (most recent call last):
  File "/Users/muhammedsaeed/Downloads/TU Dresden/LLMpedia/llmpedia_runner.py", line 1832, in _generate_article
    resp = el_llm(messages)
           ^^^^^^^^^^^^^^^^
  File "/Users/muhammedsaeed/Downloads/TU Dresden/LLMpedia/llm/openai_client.py", line 170, in __call__
    return self._call_chat(messages, json_schema)
           ^^^^^^^^^^^^^^^^^^^^^^^^^^^^^^^^^^^^^^
  File "/Users/muhammedsaeed/Downloads/TU Dresden/LLMpedia/llm/openai_client.py", line 201, in _call_chat
    resp = self.client.chat.completions.create(**kwargs)
           ^^^^^^^^^^^^^^^^^^^^^^^^^^^^^^^^^^^^^^^^^^^^^
  File "/Users/muhammedsaeed/anaconda3/envs/KB/lib/python3.11/site-packages/openai/_utils/_utils.py", line 286, in wrapper
    return func(*args, **kwargs)
           ^^^^^^^^^^^^^^^^^^^^^
  File "/Users/muhammedsaeed/anaconda3/envs/KB/lib/python3.11/site-packages/openai/resources/chat/completions/completions.py", line 1156, in create
    return self._post(
           ^^^^^^^^^^^
  File "/Users/muhammedsaeed/anaconda3/envs/KB/lib/python3.11/site-packages/openai/_base_client.py", line 1259, in post
    return cast(ResponseT, self.request(cast_to, opts, stream=stream, stream_cls=stream_cls))
                           ^^^^^^^^^^^^^^^^^^^^^^^^^^^^^^^^^^^^^^^^^^^^^^^^^^^^^^^^^^^^^^^^^
  File "/Users/muhammedsaeed/anaconda3/envs/KB/lib/python3.11/site-packages/openai/_base_client.py", line 1014, in request
    raise APIConnectionError(request=request) from err
openai.APIConnectionError: Connection error.

